  [1m[35m (0.9ms)[0m  [1m[35mCREATE TABLE "schema_migrations" ("version" varchar NOT NULL PRIMARY KEY)[0m
  [1m[35m (0.8ms)[0m  [1m[35mCREATE TABLE "ar_internal_metadata" ("key" varchar NOT NULL PRIMARY KEY, "value" varchar, "created_at" datetime NOT NULL, "updated_at" datetime NOT NULL)[0m
  [1m[36mActiveRecord::SchemaMigration Load (0.2ms)[0m  [1m[34mSELECT "schema_migrations".* FROM "schema_migrations"[0m
Migrating to CreateUsers (20170102010806)
  [1m[35m (0.0ms)[0m  [1m[36mbegin transaction[0m
  [1m[35m (0.3ms)[0m  [1m[35mCREATE TABLE "users" ("id" INTEGER PRIMARY KEY AUTOINCREMENT NOT NULL, "first_name" varchar(25), "last_name" varchar(50), "email" varchar DEFAULT '' NOT NULL, "password" varchar(40), "age" integer, "created_at" datetime NOT NULL, "updated_at" datetime NOT NULL)[0m
  [1m[35mSQL (0.1ms)[0m  [1m[32mINSERT INTO "schema_migrations" ("version") VALUES (?)[0m  [["version", "20170102010806"]]
  [1m[35m (0.6ms)[0m  [1m[36mcommit transaction[0m
Migrating to CreateTodos (20170102013849)
  [1m[35m (0.1ms)[0m  [1m[36mbegin transaction[0m
  [1m[35m (0.3ms)[0m  [1m[35mCREATE TABLE "todos" ("id" INTEGER PRIMARY KEY AUTOINCREMENT NOT NULL, "title" varchar, "completed" boolean, "order" integer, "created_at" datetime NOT NULL, "updated_at" datetime NOT NULL)[0m
  [1m[35mSQL (0.1ms)[0m  [1m[32mINSERT INTO "schema_migrations" ("version") VALUES (?)[0m  [["version", "20170102013849"]]
  [1m[35m (0.5ms)[0m  [1m[36mcommit transaction[0m
  [1m[36mActiveRecord::InternalMetadata Load (0.1ms)[0m  [1m[34mSELECT  "ar_internal_metadata".* FROM "ar_internal_metadata" WHERE "ar_internal_metadata"."key" = ? LIMIT ?[0m  [["key", :environment], ["LIMIT", 1]]
  [1m[35m (0.0ms)[0m  [1m[36mbegin transaction[0m
  [1m[35mSQL (0.2ms)[0m  [1m[32mINSERT INTO "ar_internal_metadata" ("key", "value", "created_at", "updated_at") VALUES (?, ?, ?, ?)[0m  [["key", "environment"], ["value", "development"], ["created_at", 2017-01-02 01:44:11 UTC], ["updated_at", 2017-01-02 01:44:11 UTC]]
  [1m[35m (0.6ms)[0m  [1m[36mcommit transaction[0m
  [1m[36mActiveRecord::SchemaMigration Load (0.1ms)[0m  [1m[34mSELECT "schema_migrations".* FROM "schema_migrations"[0m
  [1m[36mUser Load (1.5ms)[0m  [1m[34mSELECT "users".* FROM "users"[0m
  [1m[35m (0.2ms)[0m  [1m[36mbegin transaction[0m
  [1m[35mSQL (1.1ms)[0m  [1m[32mINSERT INTO "users" ("first_name", "last_name", "email", "password", "age", "created_at", "updated_at") VALUES (?, ?, ?, ?, ?, ?, ?)[0m  [["first_name", "Ayan"], ["last_name", "Banerjee"], ["email", "ayan.john@gmail.com"], ["password", "xxx"], ["age", 29], ["created_at", 2017-01-02 02:03:46 UTC], ["updated_at", 2017-01-02 02:03:46 UTC]]
  [1m[35m (0.6ms)[0m  [1m[36mcommit transaction[0m
  [1m[35m (1.1ms)[0m  [1m[36mbegin transaction[0m
  [1m[35mSQL (1.1ms)[0m  [1m[32mINSERT INTO "users" ("first_name", "last_name", "email", "password", "age", "created_at", "updated_at") VALUES (?, ?, ?, ?, ?, ?, ?)[0m  [["first_name", "Matt"], ["last_name", "Maloney"], ["email", "matt.maloney@pearson.com"], ["password", "xxx"], ["age", 29], ["created_at", 2017-01-02 02:06:54 UTC], ["updated_at", 2017-01-02 02:06:54 UTC]]
  [1m[35m (0.7ms)[0m  [1m[36mcommit transaction[0m
  [1m[36mUser Load (0.2ms)[0m  [1m[34mSELECT "users".* FROM "users"[0m
  [1m[36mTodo Load (1.6ms)[0m  [1m[34mSELECT "todos".* FROM "todos"[0m
  [1m[35m (0.1ms)[0m  [1m[36mbegin transaction[0m
  [1m[35mSQL (1.1ms)[0m  [1m[32mINSERT INTO "todos" ("title", "completed", "order", "created_at", "updated_at") VALUES (?, ?, ?, ?, ?)[0m  [["title", "Title1"], ["completed", false], ["order", 1], ["created_at", 2017-01-02 02:08:55 UTC], ["updated_at", 2017-01-02 02:08:55 UTC]]
  [1m[35m (0.6ms)[0m  [1m[36mcommit transaction[0m
  [1m[36mTodo Load (0.1ms)[0m  [1m[34mSELECT "todos".* FROM "todos"[0m
Started GET "/" for ::1 at 2017-01-01 21:16:36 -0500
  [1m[36mActiveRecord::SchemaMigration Load (0.4ms)[0m  [1m[34mSELECT "schema_migrations".* FROM "schema_migrations"[0m
Processing by Rails::WelcomeController#index as HTML
  Parameters: {"internal"=>true}
  Rendering /Users/ayan_banerjee/.rvm/gems/ruby-2.3.3/gems/railties-5.0.1/lib/rails/templates/rails/welcome/index.html.erb
  Rendered /Users/ayan_banerjee/.rvm/gems/ruby-2.3.3/gems/railties-5.0.1/lib/rails/templates/rails/welcome/index.html.erb (3.7ms)
Completed 200 OK in 10ms (Views: 8.1ms | ActiveRecord: 0.0ms)


Started GET "/favicon.ico" for ::1 at 2017-01-01 21:16:37 -0500
  
ActionController::RoutingError (No route matches [GET] "/favicon.ico"):
  
actionpack (5.0.1) lib/action_dispatch/middleware/debug_exceptions.rb:53:in `call'
actionpack (5.0.1) lib/action_dispatch/middleware/show_exceptions.rb:31:in `call'
railties (5.0.1) lib/rails/rack/logger.rb:36:in `call_app'
railties (5.0.1) lib/rails/rack/logger.rb:24:in `block in call'
activesupport (5.0.1) lib/active_support/tagged_logging.rb:69:in `block in tagged'
activesupport (5.0.1) lib/active_support/tagged_logging.rb:26:in `tagged'
activesupport (5.0.1) lib/active_support/tagged_logging.rb:69:in `tagged'
railties (5.0.1) lib/rails/rack/logger.rb:24:in `call'
actionpack (5.0.1) lib/action_dispatch/middleware/request_id.rb:24:in `call'
rack (2.0.1) lib/rack/runtime.rb:22:in `call'
activesupport (5.0.1) lib/active_support/cache/strategy/local_cache_middleware.rb:28:in `call'
actionpack (5.0.1) lib/action_dispatch/middleware/executor.rb:12:in `call'
actionpack (5.0.1) lib/action_dispatch/middleware/static.rb:136:in `call'
rack (2.0.1) lib/rack/sendfile.rb:111:in `call'
railties (5.0.1) lib/rails/engine.rb:522:in `call'
puma (3.6.2) lib/puma/configuration.rb:225:in `call'
puma (3.6.2) lib/puma/server.rb:578:in `handle_request'
puma (3.6.2) lib/puma/server.rb:415:in `process_client'
puma (3.6.2) lib/puma/server.rb:275:in `block in run'
puma (3.6.2) lib/puma/thread_pool.rb:116:in `block in spawn_thread'
Started GET "/user" for ::1 at 2017-01-01 21:16:42 -0500
  
ActionController::RoutingError (No route matches [GET] "/user"):
  
actionpack (5.0.1) lib/action_dispatch/middleware/debug_exceptions.rb:53:in `call'
actionpack (5.0.1) lib/action_dispatch/middleware/show_exceptions.rb:31:in `call'
railties (5.0.1) lib/rails/rack/logger.rb:36:in `call_app'
railties (5.0.1) lib/rails/rack/logger.rb:24:in `block in call'
activesupport (5.0.1) lib/active_support/tagged_logging.rb:69:in `block in tagged'
activesupport (5.0.1) lib/active_support/tagged_logging.rb:26:in `tagged'
activesupport (5.0.1) lib/active_support/tagged_logging.rb:69:in `tagged'
railties (5.0.1) lib/rails/rack/logger.rb:24:in `call'
actionpack (5.0.1) lib/action_dispatch/middleware/request_id.rb:24:in `call'
rack (2.0.1) lib/rack/runtime.rb:22:in `call'
activesupport (5.0.1) lib/active_support/cache/strategy/local_cache_middleware.rb:28:in `call'
actionpack (5.0.1) lib/action_dispatch/middleware/executor.rb:12:in `call'
actionpack (5.0.1) lib/action_dispatch/middleware/static.rb:136:in `call'
rack (2.0.1) lib/rack/sendfile.rb:111:in `call'
railties (5.0.1) lib/rails/engine.rb:522:in `call'
puma (3.6.2) lib/puma/configuration.rb:225:in `call'
puma (3.6.2) lib/puma/server.rb:578:in `handle_request'
puma (3.6.2) lib/puma/server.rb:415:in `process_client'
puma (3.6.2) lib/puma/server.rb:275:in `block in run'
puma (3.6.2) lib/puma/thread_pool.rb:116:in `block in spawn_thread'
Started GET "/users" for ::1 at 2017-01-01 21:17:21 -0500
Processing by UsersController#index as HTML
  [1m[36mUser Load (1.6ms)[0m  [1m[34mSELECT "users".* FROM "users"[0m
[active_model_serializers] Rendered ActiveModel::Serializer::CollectionSerializer with ActiveModelSerializers::Adapter::Attributes (1.7ms)
Completed 200 OK in 66ms (Views: 50.7ms | ActiveRecord: 2.6ms)


Started GET "/todos" for ::1 at 2017-01-01 21:27:05 -0500
Processing by TodosController#index as HTML
  [1m[36mTodo Load (1.0ms)[0m  [1m[34mSELECT "todos".* FROM "todos"[0m
[active_model_serializers] Rendered ActiveModel::Serializer::CollectionSerializer with ActiveModelSerializers::Adapter::Attributes (1.11ms)
Completed 200 OK in 34ms (Views: 22.9ms | ActiveRecord: 1.6ms)


  [1m[36mActiveRecord::SchemaMigration Load (0.3ms)[0m  [1m[34mSELECT "schema_migrations".* FROM "schema_migrations"[0m
Migrating to AlterUser (20170102040046)
  [1m[35m (0.1ms)[0m  [1m[36mbegin transaction[0m
  [1m[35m (1.2ms)[0m  [1m[35mALTER TABLE "users" ADD "active" boolean[0m
  [1m[35mSQL (0.3ms)[0m  [1m[32mINSERT INTO "schema_migrations" ("version") VALUES (?)[0m  [["version", "20170102040046"]]
  [1m[35m (0.7ms)[0m  [1m[36mcommit transaction[0m
  [1m[36mActiveRecord::InternalMetadata Load (0.1ms)[0m  [1m[34mSELECT  "ar_internal_metadata".* FROM "ar_internal_metadata" WHERE "ar_internal_metadata"."key" = ? LIMIT ?[0m  [["key", :environment], ["LIMIT", 1]]
  [1m[35m (0.1ms)[0m  [1m[36mbegin transaction[0m
  [1m[35m (0.0ms)[0m  [1m[36mcommit transaction[0m
  [1m[36mActiveRecord::SchemaMigration Load (0.1ms)[0m  [1m[34mSELECT "schema_migrations".* FROM "schema_migrations"[0m
  [1m[36mUser Load (1.4ms)[0m  [1m[34mSELECT "users".* FROM "users"[0m
  [1m[35m (0.3ms)[0m  [1m[34mSELECT "schema_migrations"."version" FROM "schema_migrations"[0m
  [1m[35m (0.3ms)[0m  [1m[34mSELECT "schema_migrations"."version" FROM "schema_migrations"[0m
  [1m[36mActiveRecord::SchemaMigration Load (0.4ms)[0m  [1m[34mSELECT "schema_migrations".* FROM "schema_migrations"[0m
  [1m[36mActiveRecord::SchemaMigration Load (0.1ms)[0m  [1m[34mSELECT "schema_migrations".* FROM "schema_migrations"[0m
  [1m[36mActiveRecord::SchemaMigration Load (0.1ms)[0m  [1m[34mSELECT "schema_migrations".* FROM "schema_migrations"[0m
Migrating to AlterUser (20170102040046)
  [1m[35m (0.0ms)[0m  [1m[36mbegin transaction[0m
  [1m[35mSQL (0.5ms)[0m  [1m[31mDELETE FROM "schema_migrations" WHERE "schema_migrations"."version" = ?[0m  [["version", "20170102040046"]]
  [1m[35m (0.6ms)[0m  [1m[36mcommit transaction[0m
Migrating to CreateTodos (20170102013849)
  [1m[35m (0.1ms)[0m  [1m[36mbegin transaction[0m
  [1m[35m (0.9ms)[0m  [1m[35mDROP TABLE "todos"[0m
  [1m[35mSQL (0.1ms)[0m  [1m[31mDELETE FROM "schema_migrations" WHERE "schema_migrations"."version" = ?[0m  [["version", "20170102013849"]]
  [1m[35m (1.0ms)[0m  [1m[36mcommit transaction[0m
Migrating to CreateUsers (20170102010806)
  [1m[35m (0.0ms)[0m  [1m[36mbegin transaction[0m
  [1m[35m (0.5ms)[0m  [1m[35mDROP TABLE "users"[0m
  [1m[35mSQL (0.1ms)[0m  [1m[31mDELETE FROM "schema_migrations" WHERE "schema_migrations"."version" = ?[0m  [["version", "20170102010806"]]
  [1m[35m (0.6ms)[0m  [1m[36mcommit transaction[0m
  [1m[36mActiveRecord::SchemaMigration Load (0.1ms)[0m  [1m[34mSELECT "schema_migrations".* FROM "schema_migrations"[0m
  [1m[36mActiveRecord::SchemaMigration Load (0.3ms)[0m  [1m[34mSELECT "schema_migrations".* FROM "schema_migrations"[0m
  [1m[36mActiveRecord::SchemaMigration Load (0.1ms)[0m  [1m[34mSELECT "schema_migrations".* FROM "schema_migrations"[0m
  [1m[35m (0.1ms)[0m  [1m[34mSELECT "schema_migrations"."version" FROM "schema_migrations"[0m
  [1m[36mUser Load (0.4ms)[0m  [1m[34mSELECT "users".* FROM "users"[0m
  [1m[36mActiveRecord::SchemaMigration Load (0.4ms)[0m  [1m[34mSELECT "schema_migrations".* FROM "schema_migrations"[0m
Migrating to CreateUsers (20170102010806)
  [1m[35m (0.3ms)[0m  [1m[36mbegin transaction[0m
  [1m[35m (0.9ms)[0m  [1m[35mCREATE TABLE "users" ("id" INTEGER PRIMARY KEY AUTOINCREMENT NOT NULL, "first_name" varchar(25), "last_name" varchar(50), "email" varchar DEFAULT '' NOT NULL, "password" varchar(40), "age" integer, "created_at" datetime NOT NULL, "updated_at" datetime NOT NULL)[0m
  [1m[35mSQL (0.3ms)[0m  [1m[32mINSERT INTO "schema_migrations" ("version") VALUES (?)[0m  [["version", "20170102010806"]]
  [1m[35m (0.9ms)[0m  [1m[36mcommit transaction[0m
Migrating to CreateTodos (20170102013849)
  [1m[35m (0.1ms)[0m  [1m[36mbegin transaction[0m
  [1m[35m (0.5ms)[0m  [1m[35mCREATE TABLE "todos" ("id" INTEGER PRIMARY KEY AUTOINCREMENT NOT NULL, "title" varchar, "completed" boolean, "order" integer, "created_at" datetime NOT NULL, "updated_at" datetime NOT NULL)[0m
  [1m[35mSQL (0.2ms)[0m  [1m[32mINSERT INTO "schema_migrations" ("version") VALUES (?)[0m  [["version", "20170102013849"]]
  [1m[35m (0.6ms)[0m  [1m[36mcommit transaction[0m
Migrating to AlterUser (20170102040046)
  [1m[35m (0.0ms)[0m  [1m[36mbegin transaction[0m
  [1m[35mSQL (0.3ms)[0m  [1m[32mINSERT INTO "schema_migrations" ("version") VALUES (?)[0m  [["version", "20170102040046"]]
  [1m[35m (0.6ms)[0m  [1m[36mcommit transaction[0m
  [1m[36mActiveRecord::InternalMetadata Load (0.6ms)[0m  [1m[34mSELECT  "ar_internal_metadata".* FROM "ar_internal_metadata" WHERE "ar_internal_metadata"."key" = ? LIMIT ?[0m  [["key", :environment], ["LIMIT", 1]]
  [1m[35m (0.1ms)[0m  [1m[36mbegin transaction[0m
  [1m[35m (0.1ms)[0m  [1m[36mcommit transaction[0m
  [1m[36mActiveRecord::SchemaMigration Load (0.3ms)[0m  [1m[34mSELECT "schema_migrations".* FROM "schema_migrations"[0m
  [1m[36mUser Load (1.6ms)[0m  [1m[34mSELECT "users".* FROM "users"[0m
  [1m[36mUser Load (0.1ms)[0m  [1m[34mSELECT "users".* FROM "users"[0m
  [1m[36mUser Load (0.1ms)[0m  [1m[34mSELECT "users".* FROM "users"[0m
  [1m[35m (0.1ms)[0m  [1m[36mbegin transaction[0m
  [1m[35mSQL (1.1ms)[0m  [1m[32mINSERT INTO "users" ("first_name", "last_name", "email", "password", "age", "created_at", "updated_at") VALUES (?, ?, ?, ?, ?, ?, ?)[0m  [["first_name", "Matt"], ["last_name", "Maloney"], ["email", "matt.maloney@pearson.com"], ["password", "xxx"], ["age", 29], ["created_at", 2017-01-02 04:13:19 UTC], ["updated_at", 2017-01-02 04:13:19 UTC]]
  [1m[35m (0.5ms)[0m  [1m[36mcommit transaction[0m
  [1m[35m (0.1ms)[0m  [1m[36mbegin transaction[0m
  [1m[35mSQL (0.4ms)[0m  [1m[32mINSERT INTO "users" ("first_name", "last_name", "email", "password", "age", "created_at", "updated_at") VALUES (?, ?, ?, ?, ?, ?, ?)[0m  [["first_name", "Ayan"], ["last_name", "Banerjee"], ["email", "ayan.john@gmail.com"], ["password", "xxx"], ["age", 29], ["created_at", 2017-01-02 04:13:29 UTC], ["updated_at", 2017-01-02 04:13:29 UTC]]
  [1m[35m (1.1ms)[0m  [1m[36mcommit transaction[0m
  [1m[36mUser Load (0.1ms)[0m  [1m[34mSELECT "users".* FROM "users"[0m
  [1m[35m (0.3ms)[0m  [1m[36mbegin transaction[0m
  [1m[35mSQL (1.9ms)[0m  [1m[32mINSERT INTO "todos" ("title", "completed", "order", "created_at", "updated_at") VALUES (?, ?, ?, ?, ?)[0m  [["title", "Title1"], ["completed", false], ["order", 1], ["created_at", 2017-01-02 04:14:28 UTC], ["updated_at", 2017-01-02 04:14:28 UTC]]
  [1m[35m (0.6ms)[0m  [1m[36mcommit transaction[0m
  [1m[36mTodo Load (0.2ms)[0m  [1m[34mSELECT "todos".* FROM "todos"[0m
  [1m[36mActiveRecord::SchemaMigration Load (0.5ms)[0m  [1m[34mSELECT "schema_migrations".* FROM "schema_migrations"[0m
  [1m[36mActiveRecord::InternalMetadata Load (0.5ms)[0m  [1m[34mSELECT  "ar_internal_metadata".* FROM "ar_internal_metadata" WHERE "ar_internal_metadata"."key" = ? LIMIT ?[0m  [["key", :environment], ["LIMIT", 1]]
  [1m[35m (0.2ms)[0m  [1m[36mbegin transaction[0m
  [1m[35m (0.0ms)[0m  [1m[36mcommit transaction[0m
  [1m[36mActiveRecord::SchemaMigration Load (0.1ms)[0m  [1m[34mSELECT "schema_migrations".* FROM "schema_migrations"[0m
  [1m[35m (0.3ms)[0m  [1m[34mSELECT "schema_migrations"."version" FROM "schema_migrations"[0m
  [1m[36mActiveRecord::SchemaMigration Load (0.4ms)[0m  [1m[34mSELECT "schema_migrations".* FROM "schema_migrations"[0m
  [1m[36mActiveRecord::InternalMetadata Load (0.8ms)[0m  [1m[34mSELECT  "ar_internal_metadata".* FROM "ar_internal_metadata" WHERE "ar_internal_metadata"."key" = ? LIMIT ?[0m  [["key", :environment], ["LIMIT", 1]]
  [1m[35m (0.1ms)[0m  [1m[36mbegin transaction[0m
  [1m[35m (0.0ms)[0m  [1m[36mcommit transaction[0m
  [1m[36mActiveRecord::SchemaMigration Load (0.1ms)[0m  [1m[34mSELECT "schema_migrations".* FROM "schema_migrations"[0m
  [1m[36mActiveRecord::SchemaMigration Load (0.4ms)[0m  [1m[34mSELECT "schema_migrations".* FROM "schema_migrations"[0m
Migrating to AlterUserActive (20170102043623)
  [1m[35m (0.1ms)[0m  [1m[36mbegin transaction[0m
  [1m[35m (0.5ms)[0m  [1m[35mALTER TABLE "users" ADD "active" boolean DEFAULT 'f'[0m
  [1m[35mSQL (0.2ms)[0m  [1m[32mINSERT INTO "schema_migrations" ("version") VALUES (?)[0m  [["version", "20170102043623"]]
  [1m[35m (0.6ms)[0m  [1m[36mcommit transaction[0m
  [1m[36mActiveRecord::InternalMetadata Load (0.1ms)[0m  [1m[34mSELECT  "ar_internal_metadata".* FROM "ar_internal_metadata" WHERE "ar_internal_metadata"."key" = ? LIMIT ?[0m  [["key", :environment], ["LIMIT", 1]]
  [1m[35m (0.1ms)[0m  [1m[36mbegin transaction[0m
  [1m[35m (0.0ms)[0m  [1m[36mcommit transaction[0m
  [1m[36mActiveRecord::SchemaMigration Load (0.1ms)[0m  [1m[34mSELECT "schema_migrations".* FROM "schema_migrations"[0m
  [1m[36mUser Load (1.6ms)[0m  [1m[34mSELECT "users".* FROM "users"[0m
Started GET "/users" for ::1 at 2017-01-01 23:47:21 -0500
  [1m[36mActiveRecord::SchemaMigration Load (0.3ms)[0m  [1m[34mSELECT "schema_migrations".* FROM "schema_migrations"[0m
  
ActionController::RoutingError (No route matches [GET] "/users"):
  
actionpack (5.0.1) lib/action_dispatch/middleware/debug_exceptions.rb:53:in `call'
actionpack (5.0.1) lib/action_dispatch/middleware/show_exceptions.rb:31:in `call'
railties (5.0.1) lib/rails/rack/logger.rb:36:in `call_app'
railties (5.0.1) lib/rails/rack/logger.rb:24:in `block in call'
activesupport (5.0.1) lib/active_support/tagged_logging.rb:69:in `block in tagged'
activesupport (5.0.1) lib/active_support/tagged_logging.rb:26:in `tagged'
activesupport (5.0.1) lib/active_support/tagged_logging.rb:69:in `tagged'
railties (5.0.1) lib/rails/rack/logger.rb:24:in `call'
actionpack (5.0.1) lib/action_dispatch/middleware/request_id.rb:24:in `call'
rack (2.0.1) lib/rack/runtime.rb:22:in `call'
activesupport (5.0.1) lib/active_support/cache/strategy/local_cache_middleware.rb:28:in `call'
actionpack (5.0.1) lib/action_dispatch/middleware/executor.rb:12:in `call'
actionpack (5.0.1) lib/action_dispatch/middleware/static.rb:136:in `call'
rack (2.0.1) lib/rack/sendfile.rb:111:in `call'
railties (5.0.1) lib/rails/engine.rb:522:in `call'
puma (3.6.2) lib/puma/configuration.rb:225:in `call'
puma (3.6.2) lib/puma/server.rb:578:in `handle_request'
puma (3.6.2) lib/puma/server.rb:415:in `process_client'
puma (3.6.2) lib/puma/server.rb:275:in `block in run'
puma (3.6.2) lib/puma/thread_pool.rb:116:in `block in spawn_thread'
Started GET "/api/v1/users" for ::1 at 2017-01-01 23:47:30 -0500
  
ActionController::RoutingError (No route matches [GET] "/api/v1/users"):
  
actionpack (5.0.1) lib/action_dispatch/middleware/debug_exceptions.rb:53:in `call'
actionpack (5.0.1) lib/action_dispatch/middleware/show_exceptions.rb:31:in `call'
railties (5.0.1) lib/rails/rack/logger.rb:36:in `call_app'
railties (5.0.1) lib/rails/rack/logger.rb:24:in `block in call'
activesupport (5.0.1) lib/active_support/tagged_logging.rb:69:in `block in tagged'
activesupport (5.0.1) lib/active_support/tagged_logging.rb:26:in `tagged'
activesupport (5.0.1) lib/active_support/tagged_logging.rb:69:in `tagged'
railties (5.0.1) lib/rails/rack/logger.rb:24:in `call'
actionpack (5.0.1) lib/action_dispatch/middleware/request_id.rb:24:in `call'
rack (2.0.1) lib/rack/runtime.rb:22:in `call'
activesupport (5.0.1) lib/active_support/cache/strategy/local_cache_middleware.rb:28:in `call'
actionpack (5.0.1) lib/action_dispatch/middleware/executor.rb:12:in `call'
actionpack (5.0.1) lib/action_dispatch/middleware/static.rb:136:in `call'
rack (2.0.1) lib/rack/sendfile.rb:111:in `call'
railties (5.0.1) lib/rails/engine.rb:522:in `call'
puma (3.6.2) lib/puma/configuration.rb:225:in `call'
puma (3.6.2) lib/puma/server.rb:578:in `handle_request'
puma (3.6.2) lib/puma/server.rb:415:in `process_client'
puma (3.6.2) lib/puma/server.rb:275:in `block in run'
puma (3.6.2) lib/puma/thread_pool.rb:116:in `block in spawn_thread'
Started GET "/api/" for ::1 at 2017-01-01 23:47:58 -0500
  
ActionController::RoutingError (No route matches [GET] "/api"):
  
actionpack (5.0.1) lib/action_dispatch/middleware/debug_exceptions.rb:53:in `call'
actionpack (5.0.1) lib/action_dispatch/middleware/show_exceptions.rb:31:in `call'
railties (5.0.1) lib/rails/rack/logger.rb:36:in `call_app'
railties (5.0.1) lib/rails/rack/logger.rb:24:in `block in call'
activesupport (5.0.1) lib/active_support/tagged_logging.rb:69:in `block in tagged'
activesupport (5.0.1) lib/active_support/tagged_logging.rb:26:in `tagged'
activesupport (5.0.1) lib/active_support/tagged_logging.rb:69:in `tagged'
railties (5.0.1) lib/rails/rack/logger.rb:24:in `call'
actionpack (5.0.1) lib/action_dispatch/middleware/request_id.rb:24:in `call'
rack (2.0.1) lib/rack/runtime.rb:22:in `call'
activesupport (5.0.1) lib/active_support/cache/strategy/local_cache_middleware.rb:28:in `call'
actionpack (5.0.1) lib/action_dispatch/middleware/executor.rb:12:in `call'
actionpack (5.0.1) lib/action_dispatch/middleware/static.rb:136:in `call'
rack (2.0.1) lib/rack/sendfile.rb:111:in `call'
railties (5.0.1) lib/rails/engine.rb:522:in `call'
puma (3.6.2) lib/puma/configuration.rb:225:in `call'
puma (3.6.2) lib/puma/server.rb:578:in `handle_request'
puma (3.6.2) lib/puma/server.rb:415:in `process_client'
puma (3.6.2) lib/puma/server.rb:275:in `block in run'
puma (3.6.2) lib/puma/thread_pool.rb:116:in `block in spawn_thread'
Started GET "/api/v1/users" for ::1 at 2017-01-01 23:49:20 -0500
  [1m[36mActiveRecord::SchemaMigration Load (0.4ms)[0m  [1m[34mSELECT "schema_migrations".* FROM "schema_migrations"[0m
  
ActionController::RoutingError (No route matches [GET] "/api/v1/users"):
  
actionpack (5.0.1) lib/action_dispatch/middleware/debug_exceptions.rb:53:in `call'
actionpack (5.0.1) lib/action_dispatch/middleware/show_exceptions.rb:31:in `call'
railties (5.0.1) lib/rails/rack/logger.rb:36:in `call_app'
railties (5.0.1) lib/rails/rack/logger.rb:24:in `block in call'
activesupport (5.0.1) lib/active_support/tagged_logging.rb:69:in `block in tagged'
activesupport (5.0.1) lib/active_support/tagged_logging.rb:26:in `tagged'
activesupport (5.0.1) lib/active_support/tagged_logging.rb:69:in `tagged'
railties (5.0.1) lib/rails/rack/logger.rb:24:in `call'
actionpack (5.0.1) lib/action_dispatch/middleware/request_id.rb:24:in `call'
rack (2.0.1) lib/rack/runtime.rb:22:in `call'
activesupport (5.0.1) lib/active_support/cache/strategy/local_cache_middleware.rb:28:in `call'
actionpack (5.0.1) lib/action_dispatch/middleware/executor.rb:12:in `call'
actionpack (5.0.1) lib/action_dispatch/middleware/static.rb:136:in `call'
rack (2.0.1) lib/rack/sendfile.rb:111:in `call'
railties (5.0.1) lib/rails/engine.rb:522:in `call'
puma (3.6.2) lib/puma/configuration.rb:225:in `call'
puma (3.6.2) lib/puma/server.rb:578:in `handle_request'
puma (3.6.2) lib/puma/server.rb:415:in `process_client'
puma (3.6.2) lib/puma/server.rb:275:in `block in run'
puma (3.6.2) lib/puma/thread_pool.rb:116:in `block in spawn_thread'
Started GET "/v1/users" for ::1 at 2017-01-01 23:49:49 -0500
  
ActionController::RoutingError (uninitialized constant Api):
  
activesupport (5.0.1) lib/active_support/inflector/methods.rb:268:in `const_get'
activesupport (5.0.1) lib/active_support/inflector/methods.rb:268:in `block in constantize'
activesupport (5.0.1) lib/active_support/inflector/methods.rb:266:in `each'
activesupport (5.0.1) lib/active_support/inflector/methods.rb:266:in `inject'
activesupport (5.0.1) lib/active_support/inflector/methods.rb:266:in `constantize'
actionpack (5.0.1) lib/action_dispatch/http/request.rb:81:in `controller_class'
actionpack (5.0.1) lib/action_dispatch/routing/route_set.rb:44:in `controller'
actionpack (5.0.1) lib/action_dispatch/routing/route_set.rb:30:in `serve'
actionpack (5.0.1) lib/action_dispatch/journey/router.rb:39:in `block in serve'
actionpack (5.0.1) lib/action_dispatch/journey/router.rb:26:in `each'
actionpack (5.0.1) lib/action_dispatch/journey/router.rb:26:in `serve'
actionpack (5.0.1) lib/action_dispatch/routing/route_set.rb:725:in `call'
rack (2.0.1) lib/rack/etag.rb:25:in `call'
rack (2.0.1) lib/rack/conditional_get.rb:25:in `call'
rack (2.0.1) lib/rack/head.rb:12:in `call'
activerecord (5.0.1) lib/active_record/migration.rb:553:in `call'
actionpack (5.0.1) lib/action_dispatch/middleware/callbacks.rb:38:in `block in call'
activesupport (5.0.1) lib/active_support/callbacks.rb:97:in `__run_callbacks__'
activesupport (5.0.1) lib/active_support/callbacks.rb:750:in `_run_call_callbacks'
activesupport (5.0.1) lib/active_support/callbacks.rb:90:in `run_callbacks'
actionpack (5.0.1) lib/action_dispatch/middleware/callbacks.rb:36:in `call'
actionpack (5.0.1) lib/action_dispatch/middleware/executor.rb:12:in `call'
actionpack (5.0.1) lib/action_dispatch/middleware/remote_ip.rb:79:in `call'
actionpack (5.0.1) lib/action_dispatch/middleware/debug_exceptions.rb:49:in `call'
actionpack (5.0.1) lib/action_dispatch/middleware/show_exceptions.rb:31:in `call'
railties (5.0.1) lib/rails/rack/logger.rb:36:in `call_app'
railties (5.0.1) lib/rails/rack/logger.rb:24:in `block in call'
activesupport (5.0.1) lib/active_support/tagged_logging.rb:69:in `block in tagged'
activesupport (5.0.1) lib/active_support/tagged_logging.rb:26:in `tagged'
activesupport (5.0.1) lib/active_support/tagged_logging.rb:69:in `tagged'
railties (5.0.1) lib/rails/rack/logger.rb:24:in `call'
actionpack (5.0.1) lib/action_dispatch/middleware/request_id.rb:24:in `call'
rack (2.0.1) lib/rack/runtime.rb:22:in `call'
activesupport (5.0.1) lib/active_support/cache/strategy/local_cache_middleware.rb:28:in `call'
actionpack (5.0.1) lib/action_dispatch/middleware/executor.rb:12:in `call'
actionpack (5.0.1) lib/action_dispatch/middleware/static.rb:136:in `call'
rack (2.0.1) lib/rack/sendfile.rb:111:in `call'
railties (5.0.1) lib/rails/engine.rb:522:in `call'
puma (3.6.2) lib/puma/configuration.rb:225:in `call'
puma (3.6.2) lib/puma/server.rb:578:in `handle_request'
puma (3.6.2) lib/puma/server.rb:415:in `process_client'
puma (3.6.2) lib/puma/server.rb:275:in `block in run'
puma (3.6.2) lib/puma/thread_pool.rb:116:in `block in spawn_thread'
Started GET "/api/v1/users" for ::1 at 2017-01-01 23:53:59 -0500
Started GET "/v1/users" for ::1 at 2017-01-01 23:54:09 -0500
  
  
ActionController::RoutingError (No route matches [GET] "/api/v1/users"):
ActionController::RoutingError (uninitialized constant Api):
  
  
actionpack (5.0.1) lib/action_dispatch/middleware/debug_exceptions.rb:53:in `call'
actionpack (5.0.1) lib/action_dispatch/middleware/show_exceptions.rb:31:in `call'
railties (5.0.1) lib/rails/rack/logger.rb:36:in `call_app'
railties (5.0.1) lib/rails/rack/logger.rb:24:in `block in call'
activesupport (5.0.1) lib/active_support/tagged_logging.rb:69:in `block in tagged'
activesupport (5.0.1) lib/active_support/tagged_logging.rb:26:in `tagged'
activesupport (5.0.1) lib/active_support/tagged_logging.rb:69:in `tagged'
railties (5.0.1) lib/rails/rack/logger.rb:24:in `call'
actionpack (5.0.1) lib/action_dispatch/middleware/request_id.rb:24:in `call'
rack (2.0.1) lib/rack/runtime.rb:22:in `call'
activesupport (5.0.1) lib/active_support/cache/strategy/local_cache_middleware.rb:28:in `call'
actionpack (5.0.1) lib/action_dispatch/middleware/executor.rb:12:in `call'
actionpack (5.0.1) lib/action_dispatch/middleware/static.rb:136:in `call'
rack (2.0.1) lib/rack/sendfile.rb:111:in `call'
railties (5.0.1) lib/rails/engine.rb:522:in `call'
puma (3.6.2) lib/puma/configuration.rb:225:in `call'
puma (3.6.2) lib/puma/server.rb:578:in `handle_request'
puma (3.6.2) lib/puma/server.rb:415:in `process_client'
puma (3.6.2) lib/puma/server.rb:275:in `block in run'
puma (3.6.2) lib/puma/thread_pool.rb:116:in `block in spawn_thread'
activesupport (5.0.1) lib/active_support/inflector/methods.rb:268:in `const_get'
activesupport (5.0.1) lib/active_support/inflector/methods.rb:268:in `block in constantize'
activesupport (5.0.1) lib/active_support/inflector/methods.rb:266:in `each'
activesupport (5.0.1) lib/active_support/inflector/methods.rb:266:in `inject'
activesupport (5.0.1) lib/active_support/inflector/methods.rb:266:in `constantize'
actionpack (5.0.1) lib/action_dispatch/http/request.rb:81:in `controller_class'
actionpack (5.0.1) lib/action_dispatch/routing/route_set.rb:44:in `controller'
actionpack (5.0.1) lib/action_dispatch/routing/route_set.rb:30:in `serve'
actionpack (5.0.1) lib/action_dispatch/journey/router.rb:39:in `block in serve'
actionpack (5.0.1) lib/action_dispatch/journey/router.rb:26:in `each'
actionpack (5.0.1) lib/action_dispatch/journey/router.rb:26:in `serve'
actionpack (5.0.1) lib/action_dispatch/routing/route_set.rb:725:in `call'
rack (2.0.1) lib/rack/etag.rb:25:in `call'
rack (2.0.1) lib/rack/conditional_get.rb:25:in `call'
rack (2.0.1) lib/rack/head.rb:12:in `call'
activerecord (5.0.1) lib/active_record/migration.rb:553:in `call'
actionpack (5.0.1) lib/action_dispatch/middleware/callbacks.rb:38:in `block in call'
activesupport (5.0.1) lib/active_support/callbacks.rb:97:in `__run_callbacks__'
activesupport (5.0.1) lib/active_support/callbacks.rb:750:in `_run_call_callbacks'
activesupport (5.0.1) lib/active_support/callbacks.rb:90:in `run_callbacks'
actionpack (5.0.1) lib/action_dispatch/middleware/callbacks.rb:36:in `call'
actionpack (5.0.1) lib/action_dispatch/middleware/executor.rb:12:in `call'
actionpack (5.0.1) lib/action_dispatch/middleware/remote_ip.rb:79:in `call'
actionpack (5.0.1) lib/action_dispatch/middleware/debug_exceptions.rb:49:in `call'
actionpack (5.0.1) lib/action_dispatch/middleware/show_exceptions.rb:31:in `call'
railties (5.0.1) lib/rails/rack/logger.rb:36:in `call_app'
railties (5.0.1) lib/rails/rack/logger.rb:24:in `block in call'
activesupport (5.0.1) lib/active_support/tagged_logging.rb:69:in `block in tagged'
activesupport (5.0.1) lib/active_support/tagged_logging.rb:26:in `tagged'
activesupport (5.0.1) lib/active_support/tagged_logging.rb:69:in `tagged'
railties (5.0.1) lib/rails/rack/logger.rb:24:in `call'
actionpack (5.0.1) lib/action_dispatch/middleware/request_id.rb:24:in `call'
rack (2.0.1) lib/rack/runtime.rb:22:in `call'
activesupport (5.0.1) lib/active_support/cache/strategy/local_cache_middleware.rb:28:in `call'
actionpack (5.0.1) lib/action_dispatch/middleware/executor.rb:12:in `call'
actionpack (5.0.1) lib/action_dispatch/middleware/static.rb:136:in `call'
rack (2.0.1) lib/rack/sendfile.rb:111:in `call'
railties (5.0.1) lib/rails/engine.rb:522:in `call'
puma (3.6.2) lib/puma/configuration.rb:225:in `call'
puma (3.6.2) lib/puma/server.rb:578:in `handle_request'
puma (3.6.2) lib/puma/server.rb:415:in `process_client'
puma (3.6.2) lib/puma/server.rb:275:in `block in run'
puma (3.6.2) lib/puma/thread_pool.rb:116:in `block in spawn_thread'
Started GET "/api/v1/users" for ::1 at 2017-01-01 23:54:44 -0500
  [1m[36mActiveRecord::SchemaMigration Load (0.4ms)[0m  [1m[34mSELECT "schema_migrations".* FROM "schema_migrations"[0m
  
ActionController::RoutingError (No route matches [GET] "/api/v1/users"):
  
actionpack (5.0.1) lib/action_dispatch/middleware/debug_exceptions.rb:53:in `call'
actionpack (5.0.1) lib/action_dispatch/middleware/show_exceptions.rb:31:in `call'
railties (5.0.1) lib/rails/rack/logger.rb:36:in `call_app'
railties (5.0.1) lib/rails/rack/logger.rb:24:in `block in call'
activesupport (5.0.1) lib/active_support/tagged_logging.rb:69:in `block in tagged'
activesupport (5.0.1) lib/active_support/tagged_logging.rb:26:in `tagged'
activesupport (5.0.1) lib/active_support/tagged_logging.rb:69:in `tagged'
railties (5.0.1) lib/rails/rack/logger.rb:24:in `call'
actionpack (5.0.1) lib/action_dispatch/middleware/request_id.rb:24:in `call'
rack (2.0.1) lib/rack/runtime.rb:22:in `call'
activesupport (5.0.1) lib/active_support/cache/strategy/local_cache_middleware.rb:28:in `call'
actionpack (5.0.1) lib/action_dispatch/middleware/executor.rb:12:in `call'
actionpack (5.0.1) lib/action_dispatch/middleware/static.rb:136:in `call'
rack (2.0.1) lib/rack/sendfile.rb:111:in `call'
railties (5.0.1) lib/rails/engine.rb:522:in `call'
puma (3.6.2) lib/puma/configuration.rb:225:in `call'
puma (3.6.2) lib/puma/server.rb:578:in `handle_request'
puma (3.6.2) lib/puma/server.rb:415:in `process_client'
puma (3.6.2) lib/puma/server.rb:275:in `block in run'
puma (3.6.2) lib/puma/thread_pool.rb:116:in `block in spawn_thread'
Started GET "/Api/V1/users" for ::1 at 2017-01-01 23:55:07 -0500
  
ActionController::RoutingError (No route matches [GET] "/Api/V1/users"):
  
actionpack (5.0.1) lib/action_dispatch/middleware/debug_exceptions.rb:53:in `call'
actionpack (5.0.1) lib/action_dispatch/middleware/show_exceptions.rb:31:in `call'
railties (5.0.1) lib/rails/rack/logger.rb:36:in `call_app'
railties (5.0.1) lib/rails/rack/logger.rb:24:in `block in call'
activesupport (5.0.1) lib/active_support/tagged_logging.rb:69:in `block in tagged'
activesupport (5.0.1) lib/active_support/tagged_logging.rb:26:in `tagged'
activesupport (5.0.1) lib/active_support/tagged_logging.rb:69:in `tagged'
railties (5.0.1) lib/rails/rack/logger.rb:24:in `call'
actionpack (5.0.1) lib/action_dispatch/middleware/request_id.rb:24:in `call'
rack (2.0.1) lib/rack/runtime.rb:22:in `call'
activesupport (5.0.1) lib/active_support/cache/strategy/local_cache_middleware.rb:28:in `call'
actionpack (5.0.1) lib/action_dispatch/middleware/executor.rb:12:in `call'
actionpack (5.0.1) lib/action_dispatch/middleware/static.rb:136:in `call'
rack (2.0.1) lib/rack/sendfile.rb:111:in `call'
railties (5.0.1) lib/rails/engine.rb:522:in `call'
puma (3.6.2) lib/puma/configuration.rb:225:in `call'
puma (3.6.2) lib/puma/server.rb:578:in `handle_request'
puma (3.6.2) lib/puma/server.rb:415:in `process_client'
puma (3.6.2) lib/puma/server.rb:275:in `block in run'
puma (3.6.2) lib/puma/thread_pool.rb:116:in `block in spawn_thread'
Started GET "/api/v1/users" for ::1 at 2017-01-01 23:55:16 -0500
  
ActionController::RoutingError (No route matches [GET] "/api/v1/users"):
  
actionpack (5.0.1) lib/action_dispatch/middleware/debug_exceptions.rb:53:in `call'
actionpack (5.0.1) lib/action_dispatch/middleware/show_exceptions.rb:31:in `call'
railties (5.0.1) lib/rails/rack/logger.rb:36:in `call_app'
railties (5.0.1) lib/rails/rack/logger.rb:24:in `block in call'
activesupport (5.0.1) lib/active_support/tagged_logging.rb:69:in `block in tagged'
activesupport (5.0.1) lib/active_support/tagged_logging.rb:26:in `tagged'
activesupport (5.0.1) lib/active_support/tagged_logging.rb:69:in `tagged'
railties (5.0.1) lib/rails/rack/logger.rb:24:in `call'
actionpack (5.0.1) lib/action_dispatch/middleware/request_id.rb:24:in `call'
rack (2.0.1) lib/rack/runtime.rb:22:in `call'
activesupport (5.0.1) lib/active_support/cache/strategy/local_cache_middleware.rb:28:in `call'
actionpack (5.0.1) lib/action_dispatch/middleware/executor.rb:12:in `call'
actionpack (5.0.1) lib/action_dispatch/middleware/static.rb:136:in `call'
rack (2.0.1) lib/rack/sendfile.rb:111:in `call'
railties (5.0.1) lib/rails/engine.rb:522:in `call'
puma (3.6.2) lib/puma/configuration.rb:225:in `call'
puma (3.6.2) lib/puma/server.rb:578:in `handle_request'
puma (3.6.2) lib/puma/server.rb:415:in `process_client'
puma (3.6.2) lib/puma/server.rb:275:in `block in run'
puma (3.6.2) lib/puma/thread_pool.rb:116:in `block in spawn_thread'
Started GET "/api/v1/todos" for ::1 at 2017-01-01 23:55:21 -0500
  
ActionController::RoutingError (No route matches [GET] "/api/v1/todos"):
  
actionpack (5.0.1) lib/action_dispatch/middleware/debug_exceptions.rb:53:in `call'
actionpack (5.0.1) lib/action_dispatch/middleware/show_exceptions.rb:31:in `call'
railties (5.0.1) lib/rails/rack/logger.rb:36:in `call_app'
railties (5.0.1) lib/rails/rack/logger.rb:24:in `block in call'
activesupport (5.0.1) lib/active_support/tagged_logging.rb:69:in `block in tagged'
activesupport (5.0.1) lib/active_support/tagged_logging.rb:26:in `tagged'
activesupport (5.0.1) lib/active_support/tagged_logging.rb:69:in `tagged'
railties (5.0.1) lib/rails/rack/logger.rb:24:in `call'
actionpack (5.0.1) lib/action_dispatch/middleware/request_id.rb:24:in `call'
rack (2.0.1) lib/rack/runtime.rb:22:in `call'
activesupport (5.0.1) lib/active_support/cache/strategy/local_cache_middleware.rb:28:in `call'
actionpack (5.0.1) lib/action_dispatch/middleware/executor.rb:12:in `call'
actionpack (5.0.1) lib/action_dispatch/middleware/static.rb:136:in `call'
rack (2.0.1) lib/rack/sendfile.rb:111:in `call'
railties (5.0.1) lib/rails/engine.rb:522:in `call'
puma (3.6.2) lib/puma/configuration.rb:225:in `call'
puma (3.6.2) lib/puma/server.rb:578:in `handle_request'
puma (3.6.2) lib/puma/server.rb:415:in `process_client'
puma (3.6.2) lib/puma/server.rb:275:in `block in run'
puma (3.6.2) lib/puma/thread_pool.rb:116:in `block in spawn_thread'
Started GET "/todos" for ::1 at 2017-01-01 23:55:26 -0500
  
ActionController::RoutingError (No route matches [GET] "/todos"):
  
actionpack (5.0.1) lib/action_dispatch/middleware/debug_exceptions.rb:53:in `call'
actionpack (5.0.1) lib/action_dispatch/middleware/show_exceptions.rb:31:in `call'
railties (5.0.1) lib/rails/rack/logger.rb:36:in `call_app'
railties (5.0.1) lib/rails/rack/logger.rb:24:in `block in call'
activesupport (5.0.1) lib/active_support/tagged_logging.rb:69:in `block in tagged'
activesupport (5.0.1) lib/active_support/tagged_logging.rb:26:in `tagged'
activesupport (5.0.1) lib/active_support/tagged_logging.rb:69:in `tagged'
railties (5.0.1) lib/rails/rack/logger.rb:24:in `call'
actionpack (5.0.1) lib/action_dispatch/middleware/request_id.rb:24:in `call'
rack (2.0.1) lib/rack/runtime.rb:22:in `call'
activesupport (5.0.1) lib/active_support/cache/strategy/local_cache_middleware.rb:28:in `call'
actionpack (5.0.1) lib/action_dispatch/middleware/executor.rb:12:in `call'
actionpack (5.0.1) lib/action_dispatch/middleware/static.rb:136:in `call'
rack (2.0.1) lib/rack/sendfile.rb:111:in `call'
railties (5.0.1) lib/rails/engine.rb:522:in `call'
puma (3.6.2) lib/puma/configuration.rb:225:in `call'
puma (3.6.2) lib/puma/server.rb:578:in `handle_request'
puma (3.6.2) lib/puma/server.rb:415:in `process_client'
puma (3.6.2) lib/puma/server.rb:275:in `block in run'
puma (3.6.2) lib/puma/thread_pool.rb:116:in `block in spawn_thread'
Started GET "/api/v1/todos" for ::1 at 2017-01-01 23:58:38 -0500
  
ActionController::RoutingError (No route matches [GET] "/api/v1/todos"):
  
actionpack (5.0.1) lib/action_dispatch/middleware/debug_exceptions.rb:53:in `call'
actionpack (5.0.1) lib/action_dispatch/middleware/show_exceptions.rb:31:in `call'
railties (5.0.1) lib/rails/rack/logger.rb:36:in `call_app'
railties (5.0.1) lib/rails/rack/logger.rb:24:in `block in call'
activesupport (5.0.1) lib/active_support/tagged_logging.rb:69:in `block in tagged'
activesupport (5.0.1) lib/active_support/tagged_logging.rb:26:in `tagged'
activesupport (5.0.1) lib/active_support/tagged_logging.rb:69:in `tagged'
railties (5.0.1) lib/rails/rack/logger.rb:24:in `call'
actionpack (5.0.1) lib/action_dispatch/middleware/request_id.rb:24:in `call'
rack (2.0.1) lib/rack/runtime.rb:22:in `call'
activesupport (5.0.1) lib/active_support/cache/strategy/local_cache_middleware.rb:28:in `call'
actionpack (5.0.1) lib/action_dispatch/middleware/executor.rb:12:in `call'
actionpack (5.0.1) lib/action_dispatch/middleware/static.rb:136:in `call'
rack (2.0.1) lib/rack/sendfile.rb:111:in `call'
railties (5.0.1) lib/rails/engine.rb:522:in `call'
puma (3.6.2) lib/puma/configuration.rb:225:in `call'
puma (3.6.2) lib/puma/server.rb:578:in `handle_request'
puma (3.6.2) lib/puma/server.rb:415:in `process_client'
puma (3.6.2) lib/puma/server.rb:275:in `block in run'
puma (3.6.2) lib/puma/thread_pool.rb:116:in `block in spawn_thread'
Started GET "/" for ::1 at 2017-01-01 23:59:45 -0500
  [1m[36mActiveRecord::SchemaMigration Load (0.4ms)[0m  [1m[34mSELECT "schema_migrations".* FROM "schema_migrations"[0m
Processing by Rails::WelcomeController#index as HTML
  Parameters: {"internal"=>true}
  Rendering /Users/ayan_banerjee/.rvm/gems/ruby-2.3.3/gems/railties-5.0.1/lib/rails/templates/rails/welcome/index.html.erb
  Rendered /Users/ayan_banerjee/.rvm/gems/ruby-2.3.3/gems/railties-5.0.1/lib/rails/templates/rails/welcome/index.html.erb (4.7ms)
Completed 200 OK in 12ms (Views: 9.6ms | ActiveRecord: 0.0ms)


Started GET "/api" for ::1 at 2017-01-01 23:59:49 -0500
  
ActionController::RoutingError (No route matches [GET] "/api"):
  
actionpack (5.0.1) lib/action_dispatch/middleware/debug_exceptions.rb:53:in `call'
actionpack (5.0.1) lib/action_dispatch/middleware/show_exceptions.rb:31:in `call'
railties (5.0.1) lib/rails/rack/logger.rb:36:in `call_app'
railties (5.0.1) lib/rails/rack/logger.rb:24:in `block in call'
activesupport (5.0.1) lib/active_support/tagged_logging.rb:69:in `block in tagged'
activesupport (5.0.1) lib/active_support/tagged_logging.rb:26:in `tagged'
activesupport (5.0.1) lib/active_support/tagged_logging.rb:69:in `tagged'
railties (5.0.1) lib/rails/rack/logger.rb:24:in `call'
actionpack (5.0.1) lib/action_dispatch/middleware/request_id.rb:24:in `call'
rack (2.0.1) lib/rack/runtime.rb:22:in `call'
activesupport (5.0.1) lib/active_support/cache/strategy/local_cache_middleware.rb:28:in `call'
actionpack (5.0.1) lib/action_dispatch/middleware/executor.rb:12:in `call'
actionpack (5.0.1) lib/action_dispatch/middleware/static.rb:136:in `call'
rack (2.0.1) lib/rack/sendfile.rb:111:in `call'
railties (5.0.1) lib/rails/engine.rb:522:in `call'
puma (3.6.2) lib/puma/configuration.rb:225:in `call'
puma (3.6.2) lib/puma/server.rb:578:in `handle_request'
puma (3.6.2) lib/puma/server.rb:415:in `process_client'
puma (3.6.2) lib/puma/server.rb:275:in `block in run'
puma (3.6.2) lib/puma/thread_pool.rb:116:in `block in spawn_thread'
Started GET "/api/v1/users" for ::1 at 2017-01-01 23:59:58 -0500
  
ActionController::RoutingError (No route matches [GET] "/api/v1/users"):
  
actionpack (5.0.1) lib/action_dispatch/middleware/debug_exceptions.rb:53:in `call'
actionpack (5.0.1) lib/action_dispatch/middleware/show_exceptions.rb:31:in `call'
railties (5.0.1) lib/rails/rack/logger.rb:36:in `call_app'
railties (5.0.1) lib/rails/rack/logger.rb:24:in `block in call'
activesupport (5.0.1) lib/active_support/tagged_logging.rb:69:in `block in tagged'
activesupport (5.0.1) lib/active_support/tagged_logging.rb:26:in `tagged'
activesupport (5.0.1) lib/active_support/tagged_logging.rb:69:in `tagged'
railties (5.0.1) lib/rails/rack/logger.rb:24:in `call'
actionpack (5.0.1) lib/action_dispatch/middleware/request_id.rb:24:in `call'
rack (2.0.1) lib/rack/runtime.rb:22:in `call'
activesupport (5.0.1) lib/active_support/cache/strategy/local_cache_middleware.rb:28:in `call'
actionpack (5.0.1) lib/action_dispatch/middleware/executor.rb:12:in `call'
actionpack (5.0.1) lib/action_dispatch/middleware/static.rb:136:in `call'
rack (2.0.1) lib/rack/sendfile.rb:111:in `call'
railties (5.0.1) lib/rails/engine.rb:522:in `call'
puma (3.6.2) lib/puma/configuration.rb:225:in `call'
puma (3.6.2) lib/puma/server.rb:578:in `handle_request'
puma (3.6.2) lib/puma/server.rb:415:in `process_client'
puma (3.6.2) lib/puma/server.rb:275:in `block in run'
puma (3.6.2) lib/puma/thread_pool.rb:116:in `block in spawn_thread'
Started GET "/users" for ::1 at 2017-01-02 00:00:02 -0500
  
ActionController::RoutingError (No route matches [GET] "/users"):
  
actionpack (5.0.1) lib/action_dispatch/middleware/debug_exceptions.rb:53:in `call'
actionpack (5.0.1) lib/action_dispatch/middleware/show_exceptions.rb:31:in `call'
railties (5.0.1) lib/rails/rack/logger.rb:36:in `call_app'
railties (5.0.1) lib/rails/rack/logger.rb:24:in `block in call'
activesupport (5.0.1) lib/active_support/tagged_logging.rb:69:in `block in tagged'
activesupport (5.0.1) lib/active_support/tagged_logging.rb:26:in `tagged'
activesupport (5.0.1) lib/active_support/tagged_logging.rb:69:in `tagged'
railties (5.0.1) lib/rails/rack/logger.rb:24:in `call'
actionpack (5.0.1) lib/action_dispatch/middleware/request_id.rb:24:in `call'
rack (2.0.1) lib/rack/runtime.rb:22:in `call'
activesupport (5.0.1) lib/active_support/cache/strategy/local_cache_middleware.rb:28:in `call'
actionpack (5.0.1) lib/action_dispatch/middleware/executor.rb:12:in `call'
actionpack (5.0.1) lib/action_dispatch/middleware/static.rb:136:in `call'
rack (2.0.1) lib/rack/sendfile.rb:111:in `call'
railties (5.0.1) lib/rails/engine.rb:522:in `call'
puma (3.6.2) lib/puma/configuration.rb:225:in `call'
puma (3.6.2) lib/puma/server.rb:578:in `handle_request'
puma (3.6.2) lib/puma/server.rb:415:in `process_client'
puma (3.6.2) lib/puma/server.rb:275:in `block in run'
puma (3.6.2) lib/puma/thread_pool.rb:116:in `block in spawn_thread'
Started GET "/api/v1/todos" for ::1 at 2017-01-02 00:03:23 -0500
  
ActionController::RoutingError (No route matches [GET] "/api/v1/todos"):
  
actionpack (5.0.1) lib/action_dispatch/middleware/debug_exceptions.rb:53:in `call'
actionpack (5.0.1) lib/action_dispatch/middleware/show_exceptions.rb:31:in `call'
railties (5.0.1) lib/rails/rack/logger.rb:36:in `call_app'
railties (5.0.1) lib/rails/rack/logger.rb:24:in `block in call'
activesupport (5.0.1) lib/active_support/tagged_logging.rb:69:in `block in tagged'
activesupport (5.0.1) lib/active_support/tagged_logging.rb:26:in `tagged'
activesupport (5.0.1) lib/active_support/tagged_logging.rb:69:in `tagged'
railties (5.0.1) lib/rails/rack/logger.rb:24:in `call'
actionpack (5.0.1) lib/action_dispatch/middleware/request_id.rb:24:in `call'
rack (2.0.1) lib/rack/runtime.rb:22:in `call'
activesupport (5.0.1) lib/active_support/cache/strategy/local_cache_middleware.rb:28:in `call'
actionpack (5.0.1) lib/action_dispatch/middleware/executor.rb:12:in `call'
actionpack (5.0.1) lib/action_dispatch/middleware/static.rb:136:in `call'
rack (2.0.1) lib/rack/sendfile.rb:111:in `call'
railties (5.0.1) lib/rails/engine.rb:522:in `call'
puma (3.6.2) lib/puma/configuration.rb:225:in `call'
puma (3.6.2) lib/puma/server.rb:578:in `handle_request'
puma (3.6.2) lib/puma/server.rb:415:in `process_client'
puma (3.6.2) lib/puma/server.rb:275:in `block in run'
puma (3.6.2) lib/puma/thread_pool.rb:116:in `block in spawn_thread'
Started GET "/users" for ::1 at 2017-01-02 00:05:08 -0500
Processing by UsersController#index as HTML
  [1m[36mUser Load (0.5ms)[0m  [1m[34mSELECT "users".* FROM "users"[0m
[active_model_serializers] Rendered ActiveModel::Serializer::CollectionSerializer with ActiveModelSerializers::Adapter::JsonApi (4.12ms)
Completed 200 OK in 31ms (Views: 26.1ms | ActiveRecord: 1.1ms)


Started GET "/todos" for ::1 at 2017-01-02 00:05:12 -0500
Processing by TodosController#index as HTML
  [1m[36mTodo Load (0.3ms)[0m  [1m[34mSELECT "todos".* FROM "todos"[0m
[active_model_serializers] Rendered ActiveModel::Serializer::CollectionSerializer with ActiveModelSerializers::Adapter::JsonApi (0.87ms)
Completed 200 OK in 11ms (Views: 8.2ms | ActiveRecord: 0.7ms)


Started GET "/users" for ::1 at 2017-01-02 00:05:19 -0500
Processing by UsersController#index as HTML
  [1m[36mUser Load (0.2ms)[0m  [1m[34mSELECT "users".* FROM "users"[0m
[active_model_serializers] Rendered ActiveModel::Serializer::CollectionSerializer with ActiveModelSerializers::Adapter::JsonApi (1.9ms)
Completed 200 OK in 4ms (Views: 3.4ms | ActiveRecord: 0.2ms)


Started GET "/api/v1/users" for ::1 at 2017-01-02 00:13:07 -0500
  
ActionController::RoutingError (No route matches [GET] "/api/v1/users"):
  
actionpack (5.0.1) lib/action_dispatch/middleware/debug_exceptions.rb:53:in `call'
actionpack (5.0.1) lib/action_dispatch/middleware/show_exceptions.rb:31:in `call'
railties (5.0.1) lib/rails/rack/logger.rb:36:in `call_app'
railties (5.0.1) lib/rails/rack/logger.rb:24:in `block in call'
activesupport (5.0.1) lib/active_support/tagged_logging.rb:69:in `block in tagged'
activesupport (5.0.1) lib/active_support/tagged_logging.rb:26:in `tagged'
activesupport (5.0.1) lib/active_support/tagged_logging.rb:69:in `tagged'
railties (5.0.1) lib/rails/rack/logger.rb:24:in `call'
actionpack (5.0.1) lib/action_dispatch/middleware/request_id.rb:24:in `call'
rack (2.0.1) lib/rack/runtime.rb:22:in `call'
activesupport (5.0.1) lib/active_support/cache/strategy/local_cache_middleware.rb:28:in `call'
actionpack (5.0.1) lib/action_dispatch/middleware/executor.rb:12:in `call'
actionpack (5.0.1) lib/action_dispatch/middleware/static.rb:136:in `call'
rack (2.0.1) lib/rack/sendfile.rb:111:in `call'
railties (5.0.1) lib/rails/engine.rb:522:in `call'
puma (3.6.2) lib/puma/configuration.rb:225:in `call'
puma (3.6.2) lib/puma/server.rb:578:in `handle_request'
puma (3.6.2) lib/puma/server.rb:415:in `process_client'
puma (3.6.2) lib/puma/server.rb:275:in `block in run'
puma (3.6.2) lib/puma/thread_pool.rb:116:in `block in spawn_thread'
Started GET "/api/v1/users" for ::1 at 2017-01-02 00:13:44 -0500
Processing by Api::V1::UsersController#index as HTML
  [1m[36mUser Load (0.6ms)[0m  [1m[34mSELECT "users".* FROM "users"[0m
[active_model_serializers] Rendered ActiveModel::Serializer::CollectionSerializer with ActiveModelSerializers::Adapter::JsonApi (1.39ms)
Completed 200 OK in 22ms (Views: 16.9ms | ActiveRecord: 1.2ms)


Started GET "/api/v1/users" for ::1 at 2017-01-02 00:21:53 -0500
Processing by Api::V1::UsersController#index as HTML
  [1m[36mUser Load (0.9ms)[0m  [1m[34mSELECT "users".* FROM "users"[0m
[active_model_serializers] Rendered ActiveModel::Serializer::CollectionSerializer with ActiveModelSerializers::Adapter::JsonApi (1.96ms)
Completed 200 OK in 29ms (Views: 21.6ms | ActiveRecord: 2.1ms)


Started GET "/api/v1/users" for ::1 at 2017-01-02 00:26:03 -0500
Processing by Api::V1::UsersController#index as HTML
  [1m[36mUser Load (0.7ms)[0m  [1m[34mSELECT "users".* FROM "users"[0m
[active_model_serializers] Rendered ActiveModel::Serializer::CollectionSerializer with ActiveModelSerializers::Adapter::JsonApi (1.81ms)
Completed 200 OK in 28ms (Views: 21.5ms | ActiveRecord: 1.4ms)


Started GET "/api/v1/users" for ::1 at 2017-01-02 00:26:09 -0500
Processing by Api::V1::UsersController#index as HTML
  [1m[36mUser Load (0.2ms)[0m  [1m[34mSELECT "users".* FROM "users"[0m
[active_model_serializers] Rendered ActiveModel::Serializer::CollectionSerializer with ActiveModelSerializers::Adapter::JsonApi (2.15ms)
Completed 200 OK in 4ms (Views: 3.3ms | ActiveRecord: 0.2ms)


Started GET "/api/v1/users" for ::1 at 2017-01-02 00:26:13 -0500
Processing by Api::V1::UsersController#index as HTML
  [1m[36mUser Load (0.2ms)[0m  [1m[34mSELECT "users".* FROM "users"[0m
[active_model_serializers] Rendered ActiveModel::Serializer::CollectionSerializer with ActiveModelSerializers::Adapter::JsonApi (2.73ms)
Completed 200 OK in 4ms (Views: 4.0ms | ActiveRecord: 0.2ms)


Started GET "/api/v1/users" for ::1 at 2017-01-02 00:32:01 -0500
  
ActionController::RoutingError (uninitialized constant ApplicationController::DeviseTokenAuth):
  
app/controllers/application_controller.rb:2:in `<class:ApplicationController>'
app/controllers/application_controller.rb:1:in `<top (required)>'
app/controllers/api/api_controller.rb:1:in `<top (required)>'
app/controllers/api/v1/users_controller.rb:1:in `<top (required)>'
Started GET "/api/v1/users" for ::1 at 2017-01-02 00:35:28 -0500
  [1m[36mActiveRecord::SchemaMigration Load (0.3ms)[0m  [1m[34mSELECT "schema_migrations".* FROM "schema_migrations"[0m
Processing by Api::V1::UsersController#index as HTML
  [1m[36mUser Load (0.4ms)[0m  [1m[34mSELECT "users".* FROM "users"[0m
[active_model_serializers] Rendered ActiveModel::Serializer::CollectionSerializer with ActiveModelSerializers::Adapter::JsonApi (3.91ms)
Completed 200 OK in 23ms (Views: 19.9ms | ActiveRecord: 0.9ms)


Started GET "/api/v1/users" for ::1 at 2017-01-02 00:38:46 -0500
Processing by Api::V1::UsersController#index as HTML
Completed 500 Internal Server Error in 35ms (ActiveRecord: 0.0ms)


  
NoMethodError (undefined method `authenticate_or_request_with_http_token' for #<Api::V1::UsersController:0x007f848d93c858>):
  
app/controllers/api/api_controller.rb:5:in `authenticate'
Started GET "/api/v1/users" for ::1 at 2017-01-02 00:42:32 -0500
  
ActionController::RoutingError (undefined method `respond_to' for Api::V1::UsersController:Class
Did you mean?  respond_to?):
  
app/controllers/api/v1/users_controller.rb:2:in `<class:UsersController>'
app/controllers/api/v1/users_controller.rb:1:in `<top (required)>'
Started GET "/api/v1/users" for ::1 at 2017-01-02 00:42:58 -0500
Processing by Api::V1::UsersController#index as HTML
Completed 500 Internal Server Error in 23ms (ActiveRecord: 0.0ms)


  
NoMethodError (undefined method `authenticate_or_request_with_http_token' for #<Api::V1::UsersController:0x007f8490467848>):
  
app/controllers/api/api_controller.rb:5:in `authenticate'
Started GET "/api/v1/users" for ::1 at 2017-01-02 00:47:00 -0500
Processing by Api::V1::UsersController#index as HTML
Completed 500 Internal Server Error in 47ms (ActiveRecord: 0.0ms)


  
NoMethodError (undefined method `authenticate_or_request_with_http_token' for #<Api::V1::UsersController:0x007f848db6f7b0>):
  
app/controllers/api/api_controller.rb:6:in `authenticate'
Started GET "/api/v1/users" for ::1 at 2017-01-02 00:57:23 -0500
Processing by Api::V1::UsersController#index as HTML
Completed 500 Internal Server Error in 38ms (ActiveRecord: 0.0ms)


  
NoMethodError (undefined method `authenticate_or_request_with_http_token' for #<Api::V1::UsersController:0x007f848c948e88>):
  
app/controllers/api/api_controller.rb:6:in `authenticate'
Started GET "/api/v1/users" for ::1 at 2017-01-02 00:58:39 -0500
Processing by Api::V1::UsersController#index as HTML
Completed 500 Internal Server Error in 29ms (ActiveRecord: 0.0ms)


  
NoMethodError (undefined method `authenticate' for #<Api::V1::UsersController:0x007f848cb06068>):
  
activesupport (5.0.1) lib/active_support/callbacks.rb:382:in `block in make_lambda'
activesupport (5.0.1) lib/active_support/callbacks.rb:169:in `block (2 levels) in halting'
actionpack (5.0.1) lib/abstract_controller/callbacks.rb:12:in `block (2 levels) in <module:Callbacks>'
activesupport (5.0.1) lib/active_support/callbacks.rb:170:in `block in halting'
activesupport (5.0.1) lib/active_support/callbacks.rb:454:in `block in call'
activesupport (5.0.1) lib/active_support/callbacks.rb:454:in `each'
activesupport (5.0.1) lib/active_support/callbacks.rb:454:in `call'
activesupport (5.0.1) lib/active_support/callbacks.rb:101:in `__run_callbacks__'
activesupport (5.0.1) lib/active_support/callbacks.rb:750:in `_run_process_action_callbacks'
activesupport (5.0.1) lib/active_support/callbacks.rb:90:in `run_callbacks'
actionpack (5.0.1) lib/abstract_controller/callbacks.rb:19:in `process_action'
actionpack (5.0.1) lib/action_controller/metal/rescue.rb:20:in `process_action'
actionpack (5.0.1) lib/action_controller/metal/instrumentation.rb:32:in `block in process_action'
activesupport (5.0.1) lib/active_support/notifications.rb:164:in `block in instrument'
activesupport (5.0.1) lib/active_support/notifications/instrumenter.rb:21:in `instrument'
activesupport (5.0.1) lib/active_support/notifications.rb:164:in `instrument'
actionpack (5.0.1) lib/action_controller/metal/instrumentation.rb:30:in `process_action'
actionpack (5.0.1) lib/action_controller/metal/params_wrapper.rb:248:in `process_action'
activerecord (5.0.1) lib/active_record/railties/controller_runtime.rb:18:in `process_action'
actionpack (5.0.1) lib/abstract_controller/base.rb:126:in `process'
actionpack (5.0.1) lib/action_controller/metal.rb:190:in `dispatch'
actionpack (5.0.1) lib/action_controller/metal.rb:262:in `dispatch'
actionpack (5.0.1) lib/action_dispatch/routing/route_set.rb:50:in `dispatch'
actionpack (5.0.1) lib/action_dispatch/routing/route_set.rb:32:in `serve'
actionpack (5.0.1) lib/action_dispatch/journey/router.rb:39:in `block in serve'
actionpack (5.0.1) lib/action_dispatch/journey/router.rb:26:in `each'
actionpack (5.0.1) lib/action_dispatch/journey/router.rb:26:in `serve'
actionpack (5.0.1) lib/action_dispatch/routing/route_set.rb:725:in `call'
rack (2.0.1) lib/rack/etag.rb:25:in `call'
rack (2.0.1) lib/rack/conditional_get.rb:25:in `call'
rack (2.0.1) lib/rack/head.rb:12:in `call'
activerecord (5.0.1) lib/active_record/migration.rb:553:in `call'
actionpack (5.0.1) lib/action_dispatch/middleware/callbacks.rb:38:in `block in call'
activesupport (5.0.1) lib/active_support/callbacks.rb:97:in `__run_callbacks__'
activesupport (5.0.1) lib/active_support/callbacks.rb:750:in `_run_call_callbacks'
activesupport (5.0.1) lib/active_support/callbacks.rb:90:in `run_callbacks'
actionpack (5.0.1) lib/action_dispatch/middleware/callbacks.rb:36:in `call'
actionpack (5.0.1) lib/action_dispatch/middleware/executor.rb:12:in `call'
actionpack (5.0.1) lib/action_dispatch/middleware/remote_ip.rb:79:in `call'
actionpack (5.0.1) lib/action_dispatch/middleware/debug_exceptions.rb:49:in `call'
actionpack (5.0.1) lib/action_dispatch/middleware/show_exceptions.rb:31:in `call'
railties (5.0.1) lib/rails/rack/logger.rb:36:in `call_app'
railties (5.0.1) lib/rails/rack/logger.rb:24:in `block in call'
activesupport (5.0.1) lib/active_support/tagged_logging.rb:69:in `block in tagged'
activesupport (5.0.1) lib/active_support/tagged_logging.rb:26:in `tagged'
activesupport (5.0.1) lib/active_support/tagged_logging.rb:69:in `tagged'
railties (5.0.1) lib/rails/rack/logger.rb:24:in `call'
actionpack (5.0.1) lib/action_dispatch/middleware/request_id.rb:24:in `call'
rack (2.0.1) lib/rack/runtime.rb:22:in `call'
activesupport (5.0.1) lib/active_support/cache/strategy/local_cache_middleware.rb:28:in `call'
actionpack (5.0.1) lib/action_dispatch/middleware/executor.rb:12:in `call'
actionpack (5.0.1) lib/action_dispatch/middleware/static.rb:136:in `call'
rack (2.0.1) lib/rack/sendfile.rb:111:in `call'
railties (5.0.1) lib/rails/engine.rb:522:in `call'
puma (3.6.2) lib/puma/configuration.rb:225:in `call'
puma (3.6.2) lib/puma/server.rb:578:in `handle_request'
puma (3.6.2) lib/puma/server.rb:415:in `process_client'
puma (3.6.2) lib/puma/server.rb:275:in `block in run'
puma (3.6.2) lib/puma/thread_pool.rb:116:in `block in spawn_thread'
Started GET "/api/v1/users" for ::1 at 2017-01-02 01:26:30 -0500
  
SyntaxError (/Users/ayan_banerjee/RubyonRails/api_json/app/controllers/api/api_controller.rb:10: syntax error, unexpected keyword_end, expecting end-of-input):
  
app/controllers/api/api_controller.rb:10: syntax error, unexpected keyword_end, expecting end-of-input
app/controllers/api/v1/users_controller.rb:1:in `<top (required)>'
Started GET "/api/v1/users" for ::1 at 2017-01-02 01:27:07 -0500
Processing by Api::V1::UsersController#index as HTML
  [1m[36mUser Load (0.8ms)[0m  [1m[34mSELECT "users".* FROM "users"[0m
[active_model_serializers] Rendered ActiveModel::Serializer::CollectionSerializer with ActiveModelSerializers::Adapter::JsonApi (1.59ms)
Completed 200 OK in 20ms (Views: 13.6ms | ActiveRecord: 1.3ms)


Started GET "/api/v1/users" for ::1 at 2017-01-02 01:51:42 -0500
Processing by Api::V1::UsersController#index as HTML
  [1m[36mUser Load (4.5ms)[0m  [1m[34mSELECT "users".* FROM "users"[0m
[active_model_serializers] Rendered ActiveModel::Serializer::CollectionSerializer with ActiveModelSerializers::Adapter::JsonApi (11.18ms)
Completed 200 OK in 48ms (Views: 38.8ms | ActiveRecord: 4.5ms)


Started GET "/api/v1/users" for ::1 at 2017-01-02 01:57:43 -0500
  [1m[36mActiveRecord::SchemaMigration Load (0.3ms)[0m  [1m[34mSELECT "schema_migrations".* FROM "schema_migrations"[0m
Processing by Api::V1::UsersController#index as HTML
  [1m[36mUser Load (0.4ms)[0m  [1m[34mSELECT "users".* FROM "users"[0m
[active_model_serializers] Rendered ActiveModel::Serializer::CollectionSerializer with ActiveModelSerializers::Adapter::JsonApi (3.48ms)
Completed 200 OK in 27ms (Views: 23.5ms | ActiveRecord: 0.9ms)


Started GET "/api/v1/users" for ::1 at 2017-01-02 01:58:19 -0500
Processing by Api::V1::UsersController#index as HTML
  [1m[36mUser Load (0.7ms)[0m  [1m[34mSELECT "users".* FROM "users"[0m
[active_model_serializers] Rendered ActiveModel::Serializer::CollectionSerializer with ActiveModelSerializers::Adapter::JsonApi (2.79ms)
Completed 200 OK in 8ms (Views: 5.9ms | ActiveRecord: 0.7ms)


Started GET "/api/v1/users" for ::1 at 2017-01-02 01:59:06 -0500
Processing by Api::V1::UsersController#index as HTML
  [1m[36mUser Load (0.3ms)[0m  [1m[34mSELECT "users".* FROM "users"[0m
[active_model_serializers] Rendered ActiveModel::Serializer::CollectionSerializer with ActiveModelSerializers::Adapter::JsonApi (2.19ms)
Completed 200 OK in 4ms (Views: 3.8ms | ActiveRecord: 0.3ms)


Started GET "/api/v1/users" for ::1 at 2017-01-02 01:59:28 -0500
  [1m[36mActiveRecord::SchemaMigration Load (0.3ms)[0m  [1m[34mSELECT "schema_migrations".* FROM "schema_migrations"[0m
Processing by Api::V1::UsersController#index as HTML
  [1m[36mUser Load (0.4ms)[0m  [1m[34mSELECT "users".* FROM "users"[0m
[active_model_serializers] Rendered ActiveModel::Serializer::CollectionSerializer with ActiveModelSerializers::Adapter::JsonApi (3.97ms)
Completed 200 OK in 25ms (Views: 20.8ms | ActiveRecord: 0.9ms)


Started GET "/api/v1/users" for ::1 at 2017-01-02 02:00:39 -0500
Processing by Api::V1::UsersController#index as HTML
  [1m[36mUser Load (0.6ms)[0m  [1m[34mSELECT "users".* FROM "users"[0m
[active_model_serializers] Rendered ActiveModel::Serializer::CollectionSerializer with ActiveModelSerializers::Adapter::JsonApi (2.28ms)
Completed 200 OK in 6ms (Views: 4.3ms | ActiveRecord: 0.6ms)


  [1m[35m (0.4ms)[0m  [1m[34mSELECT "schema_migrations"."version" FROM "schema_migrations"[0m
  [1m[36mActiveRecord::SchemaMigration Load (0.3ms)[0m  [1m[34mSELECT "schema_migrations".* FROM "schema_migrations"[0m
  [1m[36mActiveRecord::SchemaMigration Load (0.1ms)[0m  [1m[34mSELECT "schema_migrations".* FROM "schema_migrations"[0m
  [1m[36mActiveRecord::SchemaMigration Load (0.1ms)[0m  [1m[34mSELECT "schema_migrations".* FROM "schema_migrations"[0m
Migrating to AlterUserActive (20170102043623)
  [1m[35m (0.0ms)[0m  [1m[36mbegin transaction[0m
  [1m[35m (0.7ms)[0m  [1m[35mCREATE TEMPORARY TABLE "ausers" ("id" INTEGER PRIMARY KEY AUTOINCREMENT NOT NULL, "first_name" varchar(25), "last_name" varchar(50), "email" varchar DEFAULT '' NOT NULL, "password" varchar(40), "age" integer, "created_at" datetime NOT NULL, "updated_at" datetime NOT NULL, "active" boolean DEFAULT 'f')[0m
  [1m[35m (0.4ms)[0m  [1m[32mINSERT INTO "ausers" ("id","first_name","last_name","email","password","age","created_at","updated_at","active")
                     SELECT "id","first_name","last_name","email","password","age","created_at","updated_at","active" FROM "users"[0m
  [1m[35m (0.6ms)[0m  [1m[35mDROP TABLE "users"[0m
  [1m[35m (0.1ms)[0m  [1m[35mCREATE TABLE "users" ("id" INTEGER PRIMARY KEY AUTOINCREMENT NOT NULL, "first_name" varchar(25), "last_name" varchar(50), "email" varchar DEFAULT '' NOT NULL, "password" varchar(40), "age" integer, "created_at" datetime NOT NULL, "updated_at" datetime NOT NULL, "active" boolean DEFAULT 'f')[0m
  [1m[35m (0.2ms)[0m  [1m[32mINSERT INTO "users" ("id","first_name","last_name","email","password","age","created_at","updated_at","active")
                     SELECT "id","first_name","last_name","email","password","age","created_at","updated_at","active" FROM "ausers"[0m
  [1m[35m (0.1ms)[0m  [1m[35mDROP TABLE "ausers"[0m
  [1m[35mSQL (0.1ms)[0m  [1m[31mDELETE FROM "schema_migrations" WHERE "schema_migrations"."version" = ?[0m  [["version", "20170102043623"]]
  [1m[35m (0.9ms)[0m  [1m[36mcommit transaction[0m
Migrating to CreateTodos (20170102013849)
  [1m[35m (0.0ms)[0m  [1m[36mbegin transaction[0m
  [1m[35m (0.2ms)[0m  [1m[35mDROP TABLE "todos"[0m
  [1m[35mSQL (0.1ms)[0m  [1m[31mDELETE FROM "schema_migrations" WHERE "schema_migrations"."version" = ?[0m  [["version", "20170102013849"]]
  [1m[35m (0.5ms)[0m  [1m[36mcommit transaction[0m
Migrating to CreateUsers (20170102010806)
  [1m[35m (0.1ms)[0m  [1m[36mbegin transaction[0m
  [1m[35m (0.3ms)[0m  [1m[35mDROP TABLE "users"[0m
  [1m[35mSQL (0.1ms)[0m  [1m[31mDELETE FROM "schema_migrations" WHERE "schema_migrations"."version" = ?[0m  [["version", "20170102010806"]]
  [1m[35m (0.6ms)[0m  [1m[36mcommit transaction[0m
  [1m[36mActiveRecord::SchemaMigration Load (0.1ms)[0m  [1m[34mSELECT "schema_migrations".* FROM "schema_migrations"[0m
  [1m[35m (0.1ms)[0m  [1m[34mSELECT "schema_migrations"."version" FROM "schema_migrations"[0m
  [1m[36mActiveRecord::SchemaMigration Load (0.2ms)[0m  [1m[34mSELECT "schema_migrations".* FROM "schema_migrations"[0m
Migrating to CreateUsers (20170102010806)
  [1m[35m (0.0ms)[0m  [1m[36mbegin transaction[0m
  [1m[35m (0.4ms)[0m  [1m[35mCREATE TABLE "users" ("id" INTEGER PRIMARY KEY AUTOINCREMENT NOT NULL, "firstName" varchar(25), "lastName" varchar(50), "email" varchar DEFAULT '' NOT NULL, "password" varchar(40), "age" integer, "created_at" datetime NOT NULL, "updated_at" datetime NOT NULL)[0m
  [1m[35mSQL (0.1ms)[0m  [1m[32mINSERT INTO "schema_migrations" ("version") VALUES (?)[0m  [["version", "20170102010806"]]
  [1m[35m (0.6ms)[0m  [1m[36mcommit transaction[0m
Migrating to CreateTodos (20170102013849)
  [1m[35m (0.0ms)[0m  [1m[36mbegin transaction[0m
  [1m[35m (0.3ms)[0m  [1m[35mCREATE TABLE "todos" ("id" INTEGER PRIMARY KEY AUTOINCREMENT NOT NULL, "title" varchar, "completed" boolean, "order" integer, "created_at" datetime NOT NULL, "updated_at" datetime NOT NULL)[0m
  [1m[35mSQL (0.1ms)[0m  [1m[32mINSERT INTO "schema_migrations" ("version") VALUES (?)[0m  [["version", "20170102013849"]]
  [1m[35m (0.5ms)[0m  [1m[36mcommit transaction[0m
Migrating to AlterUserActive (20170102043623)
  [1m[35m (0.0ms)[0m  [1m[36mbegin transaction[0m
  [1m[35m (0.3ms)[0m  [1m[35mALTER TABLE "users" ADD "isActive" boolean DEFAULT 'f'[0m
  [1m[35mSQL (0.1ms)[0m  [1m[32mINSERT INTO "schema_migrations" ("version") VALUES (?)[0m  [["version", "20170102043623"]]
  [1m[35m (0.5ms)[0m  [1m[36mcommit transaction[0m
  [1m[36mActiveRecord::InternalMetadata Load (0.5ms)[0m  [1m[34mSELECT  "ar_internal_metadata".* FROM "ar_internal_metadata" WHERE "ar_internal_metadata"."key" = ? LIMIT ?[0m  [["key", :environment], ["LIMIT", 1]]
  [1m[35m (0.0ms)[0m  [1m[36mbegin transaction[0m
  [1m[35m (0.0ms)[0m  [1m[36mcommit transaction[0m
  [1m[36mActiveRecord::SchemaMigration Load (0.1ms)[0m  [1m[34mSELECT "schema_migrations".* FROM "schema_migrations"[0m
  [1m[36mUser Load (1.4ms)[0m  [1m[34mSELECT "users".* FROM "users"[0m
  [1m[35m (0.1ms)[0m  [1m[36mbegin transaction[0m
  [1m[35mSQL (0.4ms)[0m  [1m[32mINSERT INTO "users" ("firstName", "lastName", "email", "password", "age", "created_at", "updated_at") VALUES (?, ?, ?, ?, ?, ?, ?)[0m  [["firstName", "Ayan"], ["lastName", "Banerjee"], ["email", "ayan.john@gmail.com"], ["password", "xxx"], ["age", 29], ["created_at", 2017-01-02 07:08:11 UTC], ["updated_at", 2017-01-02 07:08:11 UTC]]
  [1m[35m (0.5ms)[0m  [1m[36mcommit transaction[0m
Started GET "/api/v1/users" for ::1 at 2017-01-02 02:08:16 -0500
  [1m[36mActiveRecord::SchemaMigration Load (0.2ms)[0m  [1m[34mSELECT "schema_migrations".* FROM "schema_migrations"[0m
Processing by Api::V1::UsersController#index as HTML
  [1m[36mUser Load (0.2ms)[0m  [1m[34mSELECT "users".* FROM "users"[0m
[active_model_serializers] Rendered ActiveModel::Serializer::CollectionSerializer with ActiveModelSerializers::Adapter::JsonApi (8.82ms)
Completed 500 Internal Server Error in 30ms (ActiveRecord: 0.9ms)


  
NoMethodError (undefined method `first_name' for #<User:0x007fa6fe0f4658>
Did you mean?  firstName
               firstName=
               firstName?):
  
app/controllers/api/v1/users_controller.rb:10:in `index'
Started GET "/api/v1/users" for ::1 at 2017-01-02 02:11:46 -0500
Processing by Api::V1::UsersController#index as HTML
  [1m[36mUser Load (0.3ms)[0m  [1m[34mSELECT "users".* FROM "users"[0m
[active_model_serializers] Rendered ActiveModel::Serializer::CollectionSerializer with ActiveModelSerializers::Adapter::JsonApi (8.54ms)
Completed 500 Internal Server Error in 11ms (ActiveRecord: 0.3ms)


  
NoMethodError (undefined method `first_name' for #<User:0x007fa6fc6a4cd0>
Did you mean?  firstName
               firstName=
               firstName?):
  
app/controllers/api/v1/users_controller.rb:10:in `index'
Started GET "/api/v1/users" for ::1 at 2017-01-02 02:12:29 -0500
Processing by Api::V1::UsersController#index as HTML
  [1m[36mUser Load (0.3ms)[0m  [1m[34mSELECT "users".* FROM "users"[0m
[active_model_serializers] Rendered ActiveModel::Serializer::CollectionSerializer with ActiveModelSerializers::Adapter::JsonApi (0.77ms)
Completed 200 OK in 14ms (Views: 10.3ms | ActiveRecord: 1.2ms)


Started GET "/api/v1/users" for ::1 at 2017-01-02 02:12:58 -0500
Processing by Api::V1::UsersController#index as HTML
  [1m[36mUser Load (0.6ms)[0m  [1m[34mSELECT "users".* FROM "users"[0m
[active_model_serializers] Rendered ActiveModel::Serializer::CollectionSerializer with ActiveModelSerializers::Adapter::JsonApi (0.79ms)
Completed 200 OK in 14ms (Views: 9.1ms | ActiveRecord: 1.3ms)


Started GET "/api/v1/users" for ::1 at 2017-01-02 02:13:29 -0500
Processing by Api::V1::UsersController#index as HTML
  [1m[36mUser Load (0.2ms)[0m  [1m[34mSELECT "users".* FROM "users"[0m
[active_model_serializers] Rendered ActiveModel::Serializer::CollectionSerializer with ActiveModelSerializers::Adapter::JsonApi (1.22ms)
Completed 200 OK in 3ms (Views: 2.5ms | ActiveRecord: 0.2ms)


Started GET "/api/v1/users" for ::1 at 2017-01-02 02:15:10 -0500
Processing by Api::V1::UsersController#index as HTML
  [1m[36mUser Load (0.2ms)[0m  [1m[34mSELECT "users".* FROM "users"[0m
[active_model_serializers] Rendered ActiveModel::Serializer::CollectionSerializer with ActiveModelSerializers::Adapter::JsonApi (1.3ms)
Completed 200 OK in 3ms (Views: 2.7ms | ActiveRecord: 0.2ms)


Started GET "/api/v1/users" for ::1 at 2017-01-02 02:15:58 -0500
Processing by Api::V1::UsersController#index as HTML
  [1m[36mUser Load (0.2ms)[0m  [1m[34mSELECT "users".* FROM "users"[0m
[active_model_serializers] Rendered ActiveModel::Serializer::CollectionSerializer with ActiveModelSerializers::Adapter::JsonApi (0.97ms)
Completed 200 OK in 3ms (Views: 2.1ms | ActiveRecord: 0.2ms)


Started GET "/api/v1/users" for ::1 at 2017-01-02 02:16:13 -0500
Processing by Api::V1::UsersController#index as HTML
  [1m[36mUser Load (0.2ms)[0m  [1m[34mSELECT "users".* FROM "users"[0m
[active_model_serializers] Rendered ActiveModel::Serializer::CollectionSerializer with ActiveModelSerializers::Adapter::JsonApi (1.63ms)
Completed 200 OK in 3ms (Views: 2.7ms | ActiveRecord: 0.2ms)


Started GET "/api/v1/users" for ::1 at 2017-01-02 02:18:00 -0500
Processing by Api::V1::UsersController#index as HTML
  [1m[36mUser Load (0.3ms)[0m  [1m[34mSELECT "users".* FROM "users"[0m
[active_model_serializers] Rendered ActiveModel::Serializer::CollectionSerializer with ActiveModelSerializers::Adapter::JsonApi (1.86ms)
Completed 200 OK in 6ms (Views: 5.0ms | ActiveRecord: 0.3ms)


Started GET "/api/v1/users" for ::1 at 2017-01-02 02:20:39 -0500
Processing by Api::V1::UsersController#index as HTML
  [1m[36mUser Load (0.2ms)[0m  [1m[34mSELECT "users".* FROM "users"[0m
[active_model_serializers] Rendered ActiveModel::Serializer::CollectionSerializer with ActiveModelSerializers::Adapter::JsonApi (0.91ms)
Completed 200 OK in 2ms (Views: 1.9ms | ActiveRecord: 0.2ms)


Started GET "/api/v1/users" for ::1 at 2017-01-02 02:21:08 -0500
Processing by Api::V1::UsersController#index as HTML
  [1m[36mUser Load (0.2ms)[0m  [1m[34mSELECT "users".* FROM "users"[0m
[active_model_serializers] Rendered ActiveModel::Serializer::CollectionSerializer with ActiveModelSerializers::Adapter::JsonApi (1.52ms)
Completed 200 OK in 3ms (Views: 2.8ms | ActiveRecord: 0.2ms)


  [1m[35m (1.0ms)[0m  [1m[36mbegin transaction[0m
  [1m[35mSQL (1.5ms)[0m  [1m[32mINSERT INTO "users" ("firstName", "lastName", "email", "password", "age", "created_at", "updated_at") VALUES (?, ?, ?, ?, ?, ?, ?)[0m  [["firstName", "Matt"], ["lastName", "Maloney"], ["email", "matt.maloney@pearson.com"], ["password", "xxx"], ["age", 29], ["created_at", 2017-01-02 07:23:16 UTC], ["updated_at", 2017-01-02 07:23:16 UTC]]
  [1m[35m (0.6ms)[0m  [1m[36mcommit transaction[0m
Started GET "/api/v1/users" for ::1 at 2017-01-02 02:23:21 -0500
Processing by Api::V1::UsersController#index as HTML
  [1m[36mUser Load (0.3ms)[0m  [1m[34mSELECT "users".* FROM "users"[0m
[active_model_serializers] Rendered ActiveModel::Serializer::CollectionSerializer with ActiveModelSerializers::Adapter::JsonApi (1.53ms)
Completed 200 OK in 3ms (Views: 2.7ms | ActiveRecord: 0.3ms)


Started GET "/api/v1/users" for ::1 at 2017-01-02 02:24:03 -0500
Processing by Api::V1::UsersController#index as HTML
  [1m[36mUser Load (0.3ms)[0m  [1m[34mSELECT "users".* FROM "users"[0m
[active_model_serializers] Rendered ActiveModel::Serializer::CollectionSerializer with ActiveModelSerializers::Adapter::JsonApi (1.64ms)
Completed 200 OK in 3ms (Views: 2.8ms | ActiveRecord: 0.3ms)


Started GET "/api/v1/users" for ::1 at 2017-01-02 02:24:09 -0500
Processing by Api::V1::UsersController#index as HTML
  [1m[36mUser Load (0.2ms)[0m  [1m[34mSELECT "users".* FROM "users"[0m
[active_model_serializers] Rendered ActiveModel::Serializer::CollectionSerializer with ActiveModelSerializers::Adapter::JsonApi (1.96ms)
Completed 200 OK in 4ms (Views: 3.5ms | ActiveRecord: 0.2ms)


Started GET "/api/v1/users" for ::1 at 2017-01-02 02:31:06 -0500
  
SyntaxError (/Users/ayan_banerjee/RubyonRails/api_json/app/controllers/api/v1/users_controller.rb:10: syntax error, unexpected tSYMBEG, expecting keyword_do or '{' or '('
    render json: {data :users}
                        ^
/Users/ayan_banerjee/RubyonRails/api_json/app/controllers/api/v1/users_controller.rb:53: syntax error, unexpected end-of-input, expecting keyword_end):
  
app/controllers/api/v1/users_controller.rb:10: syntax error, unexpected tSYMBEG, expecting keyword_do or '{' or '('
app/controllers/api/v1/users_controller.rb:53: syntax error, unexpected end-of-input, expecting keyword_end
Started GET "/api/v1/users" for ::1 at 2017-01-02 02:32:34 -0500
Processing by Api::V1::UsersController#index as HTML
[active_model_serializers]   [1m[36mUser Load (0.5ms)[0m  [1m[34mSELECT "users".* FROM "users"[0m
[active_model_serializers] Rendered ActiveModel::Serializer::Null with Hash (13.68ms)
Completed 200 OK in 25ms (Views: 18.8ms | ActiveRecord: 1.6ms)


Started GET "/api/v1/users" for ::1 at 2017-01-02 02:33:00 -0500
Processing by Api::V1::UsersController#index as HTML
[active_model_serializers]   [1m[36mUser Load (0.6ms)[0m  [1m[34mSELECT "users".* FROM "users"[0m
[active_model_serializers] Rendered ActiveModel::Serializer::Null with Hash (3.84ms)
Completed 200 OK in 6ms (Views: 4.6ms | ActiveRecord: 0.6ms)


Started GET "/api/v1/users" for ::1 at 2017-01-02 02:33:41 -0500
Processing by Api::V1::UsersController#index as HTML
[active_model_serializers]   [1m[36mUser Load (0.2ms)[0m  [1m[34mSELECT "users".* FROM "users"[0m
[active_model_serializers] Rendered ActiveModel::Serializer::Null with Hash (2.22ms)
Completed 200 OK in 4ms (Views: 3.0ms | ActiveRecord: 0.2ms)


Started GET "/api/v1/users" for ::1 at 2017-01-02 02:39:57 -0500
Processing by Api::V1::UsersController#index as HTML
  [1m[36mUser Load (0.5ms)[0m  [1m[34mSELECT "users".* FROM "users"[0m
[active_model_serializers] Rendered ActiveModel::Serializer::CollectionSerializer with ActiveModelSerializers::Adapter::JsonApi (5.86ms)
Completed 200 OK in 31ms (Views: 25.4ms | ActiveRecord: 1.1ms)


Started GET "/api/v1/users" for ::1 at 2017-01-02 02:40:27 -0500
Processing by Api::V1::UsersController#index as HTML
[active_model_serializers]   [1m[36mUser Load (0.3ms)[0m  [1m[34mSELECT "users".* FROM "users"[0m
[active_model_serializers] Rendered ActiveModel::Serializer::Null with Hash (8.41ms)
Completed 200 OK in 14ms (Views: 10.6ms | ActiveRecord: 0.9ms)


Started GET "/api/v1/users" for ::1 at 2017-01-02 02:40:42 -0500
Processing by Api::V1::UsersController#index as HTML
[active_model_serializers]   [1m[36mUser Load (0.2ms)[0m  [1m[34mSELECT "users".* FROM "users"[0m
[active_model_serializers] Rendered ActiveModel::Serializer::Null with Hash (1.91ms)
Completed 200 OK in 3ms (Views: 2.6ms | ActiveRecord: 0.2ms)


Started GET "/api/v1/users" for ::1 at 2017-01-02 02:41:13 -0500
Processing by Api::V1::UsersController#index as HTML
[active_model_serializers]   [1m[36mUser Load (0.4ms)[0m  [1m[34mSELECT "users".* FROM "users"[0m
[active_model_serializers] Rendered ActiveModel::Serializer::Null with Hash (13.66ms)
Completed 200 OK in 25ms (Views: 20.5ms | ActiveRecord: 0.9ms)


Started GET "/api/v1/users" for ::1 at 2017-01-02 02:41:31 -0500
Processing by Api::V1::UsersController#index as HTML
[active_model_serializers]   [1m[36mUser Load (0.3ms)[0m  [1m[34mSELECT "users".* FROM "users"[0m
[active_model_serializers] Rendered ActiveModel::Serializer::Null with Hash (9.72ms)
Completed 200 OK in 15ms (Views: 12.0ms | ActiveRecord: 0.8ms)


Started GET "/api/v1/users" for ::1 at 2017-01-02 09:23:42 -0500
Processing by Api::V1::UsersController#index as HTML
[active_model_serializers]   [1m[36mUser Load (1.1ms)[0m  [1m[34mSELECT "users".* FROM "users"[0m
[active_model_serializers] Rendered ActiveModel::Serializer::Null with Hash (11.23ms)
Completed 200 OK in 18ms (Views: 12.7ms | ActiveRecord: 1.1ms)


Started GET "/api/v1/users" for ::1 at 2017-01-02 09:25:34 -0500
Processing by Api::V1::UsersController#index as HTML
[active_model_serializers]   [1m[36mUser Load (1.6ms)[0m  [1m[34mSELECT "users".* FROM "users"[0m
[active_model_serializers] Rendered ActiveModel::Serializer::Null with Hash (13.98ms)
Completed 200 OK in 22ms (Views: 15.7ms | ActiveRecord: 1.6ms)


Started GET "/api/v1/users" for ::1 at 2017-01-02 09:28:10 -0500
Processing by Api::V1::UsersController#index as HTML
[active_model_serializers]   [1m[36mUser Load (4.7ms)[0m  [1m[34mSELECT "users".* FROM "users"[0m
[active_model_serializers] Rendered ActiveModel::Serializer::Null with Hash (36.47ms)
Completed 200 OK in 113ms (Views: 60.3ms | ActiveRecord: 4.7ms)


Started GET "/api/v1/users" for ::1 at 2017-01-02 09:28:10 -0500
Processing by Api::V1::UsersController#index as HTML
[active_model_serializers]   [1m[36mUser Load (1.0ms)[0m  [1m[34mSELECT "users".* FROM "users"[0m
[active_model_serializers] Rendered ActiveModel::Serializer::Null with Hash (4.15ms)
Completed 200 OK in 6ms (Views: 4.1ms | ActiveRecord: 1.0ms)


Started GET "/api/v1/users" for ::1 at 2017-01-02 09:29:11 -0500
Processing by Api::V1::UsersController#index as HTML
[active_model_serializers]   [1m[36mUser Load (0.4ms)[0m  [1m[34mSELECT "users".* FROM "users"[0m
[active_model_serializers] Rendered ActiveModel::Serializer::Null with Hash (2.07ms)
Completed 200 OK in 3ms (Views: 2.4ms | ActiveRecord: 0.4ms)


Started GET "/api/v1/users" for ::1 at 2017-01-02 09:29:31 -0500
Processing by Api::V1::UsersController#index as HTML
[active_model_serializers]   [1m[36mUser Load (0.2ms)[0m  [1m[34mSELECT "users".* FROM "users"[0m
[active_model_serializers] Rendered ActiveModel::Serializer::Null with Hash (1.24ms)
Completed 200 OK in 2ms (Views: 1.4ms | ActiveRecord: 0.2ms)


Started GET "/api/v1/users" for ::1 at 2017-01-02 09:32:33 -0500
Processing by Api::V1::UsersController#index as HTML
[active_model_serializers]   [1m[36mUser Load (1.1ms)[0m  [1m[34mSELECT "users".* FROM "users"[0m
[active_model_serializers] Rendered ActiveModel::Serializer::Null with Hash (24.55ms)
Completed 200 OK in 34ms (Views: 27.1ms | ActiveRecord: 1.1ms)


Started GET "/api/v1/users" for ::1 at 2017-01-02 09:34:42 -0500
Processing by Api::V1::UsersController#index as HTML
[active_model_serializers]   [1m[36mUser Load (0.2ms)[0m  [1m[34mSELECT "users".* FROM "users"[0m
[active_model_serializers] Rendered ActiveModel::Serializer::Null with Hash (3.17ms)
Completed 200 OK in 6ms (Views: 4.8ms | ActiveRecord: 0.2ms)


Started GET "/api/v1/users" for ::1 at 2017-01-02 09:35:42 -0500
Processing by Api::V1::UsersController#index as HTML
[active_model_serializers]   [1m[36mUser Load (0.5ms)[0m  [1m[34mSELECT "users".* FROM "users"[0m
[active_model_serializers] Rendered ActiveModel::Serializer::Null with Hash (5.64ms)
Completed 200 OK in 7ms (Views: 5.7ms | ActiveRecord: 0.5ms)


Started GET "/api/v1/users" for ::1 at 2017-01-02 09:40:13 -0500
Processing by Api::V1::UsersController#index as HTML
[active_model_serializers]   [1m[36mUser Load (3.7ms)[0m  [1m[34mSELECT "users".* FROM "users"[0m
[active_model_serializers] Rendered ActiveModel::Serializer::Null with Hash (22.06ms)
Completed 200 OK in 31ms (Views: 21.5ms | ActiveRecord: 3.7ms)


Started GET "/api/v1/users" for ::1 at 2017-01-02 09:41:14 -0500
Processing by Api::V1::UsersController#index as HTML
[active_model_serializers]   [1m[36mUser Load (0.3ms)[0m  [1m[34mSELECT "users".* FROM "users"[0m
[active_model_serializers] Rendered ActiveModel::Serializer::Null with Hash (2.13ms)
Completed 200 OK in 3ms (Views: 2.6ms | ActiveRecord: 0.3ms)


Started GET "/api/v1/users" for ::1 at 2017-01-02 09:41:14 -0500
Processing by Api::V1::UsersController#index as HTML
[active_model_serializers]   [1m[36mUser Load (0.3ms)[0m  [1m[34mSELECT "users".* FROM "users"[0m
[active_model_serializers] Rendered ActiveModel::Serializer::Null with Hash (3.15ms)
Completed 200 OK in 4ms (Views: 3.7ms | ActiveRecord: 0.3ms)


Started GET "/api/v1/users" for ::1 at 2017-01-02 09:50:17 -0500
Processing by Api::V1::UsersController#index as HTML
[active_model_serializers]   [1m[36mUser Load (0.8ms)[0m  [1m[34mSELECT "users".* FROM "users"[0m
[active_model_serializers] Rendered ActiveModel::Serializer::Null with Hash (13.35ms)
Completed 200 OK in 24ms (Views: 17.4ms | ActiveRecord: 0.8ms)


Started GET "/api/v1/users" for ::1 at 2017-01-02 09:53:30 -0500
Processing by Api::V1::UsersController#index as HTML
[active_model_serializers]   [1m[36mUser Load (2.8ms)[0m  [1m[34mSELECT "users".* FROM "users"[0m
[active_model_serializers] Rendered ActiveModel::Serializer::Null with Hash (17.28ms)
Completed 200 OK in 25ms (Views: 17.6ms | ActiveRecord: 2.8ms)


Started GET "/api/v1/users" for ::1 at 2017-01-02 10:18:49 -0500
Processing by Api::V1::UsersController#index as HTML
[active_model_serializers]   [1m[36mUser Load (3.3ms)[0m  [1m[34mSELECT "users".* FROM "users"[0m
[active_model_serializers] Rendered ActiveModel::Serializer::Null with Hash (45.46ms)
Completed 200 OK in 63ms (Views: 51.5ms | ActiveRecord: 3.3ms)


Started GET "/api/v1/users" for ::1 at 2017-01-02 10:19:42 -0500
Processing by Api::V1::UsersController#index as HTML
[active_model_serializers]   [1m[36mUser Load (0.3ms)[0m  [1m[34mSELECT "users".* FROM "users"[0m
[active_model_serializers] Rendered ActiveModel::Serializer::Null with Hash (6.23ms)
Completed 200 OK in 8ms (Views: 7.7ms | ActiveRecord: 0.3ms)


Started GET "/api/v1/users" for ::1 at 2017-01-02 10:20:47 -0500
Processing by Api::V1::UsersController#index as HTML
[active_model_serializers]   [1m[36mUser Load (0.3ms)[0m  [1m[34mSELECT "users".* FROM "users"[0m
[active_model_serializers] Rendered ActiveModel::Serializer::Null with Hash (7.36ms)
Completed 200 OK in 8ms (Views: 7.7ms | ActiveRecord: 0.3ms)


Started GET "/api/v1/users" for ::1 at 2017-01-02 10:30:43 -0500
Processing by Api::V1::UsersController#index as HTML
[active_model_serializers]   [1m[36mUser Load (2.5ms)[0m  [1m[34mSELECT "users".* FROM "users"[0m
[active_model_serializers] Rendered ActiveModel::Serializer::Null with Hash (28.42ms)
Completed 200 OK in 38ms (Views: 30.5ms | ActiveRecord: 2.5ms)


Started GET "/api/v1/users" for ::1 at 2017-01-02 10:34:09 -0500
Processing by Api::V1::UsersController#index as HTML
[active_model_serializers]   [1m[36mUser Load (1.1ms)[0m  [1m[34mSELECT "users".* FROM "users"[0m
[active_model_serializers] Rendered ActiveModel::Serializer::Null with Hash (15.07ms)
Completed 200 OK in 25ms (Views: 19.1ms | ActiveRecord: 1.1ms)


Started GET "/api/v1/users" for ::1 at 2017-01-02 10:34:35 -0500
Processing by Api::V1::UsersController#index as HTML
[active_model_serializers]   [1m[36mUser Load (2.1ms)[0m  [1m[34mSELECT "users".* FROM "users"[0m
[active_model_serializers] Rendered ActiveModel::Serializer::Null with Hash (11.01ms)
Completed 200 OK in 15ms (Views: 11.4ms | ActiveRecord: 2.1ms)


Started GET "/api/v1/users" for ::1 at 2017-01-02 10:35:21 -0500
Processing by Api::V1::UsersController#index as HTML
[active_model_serializers]   [1m[36mUser Load (0.3ms)[0m  [1m[34mSELECT "users".* FROM "users"[0m
[active_model_serializers] Rendered ActiveModel::Serializer::Null with Hash (7.4ms)
Completed 200 OK in 10ms (Views: 8.1ms | ActiveRecord: 0.3ms)


Started GET "/api/v1/users" for ::1 at 2017-01-02 10:37:04 -0500
Processing by Api::V1::UsersController#index as HTML
[active_model_serializers]   [1m[36mUser Load (0.3ms)[0m  [1m[34mSELECT "users".* FROM "users"[0m
[active_model_serializers] Rendered ActiveModel::Serializer::Null with Hash (12.66ms)
Completed 200 OK in 15ms (Views: 14.3ms | ActiveRecord: 0.3ms)


Started GET "/api/v1/users" for ::1 at 2017-01-02 10:43:24 -0500
Processing by Api::V1::UsersController#index as HTML
[active_model_serializers]   [1m[36mUser Load (2.7ms)[0m  [1m[34mSELECT "users".* FROM "users"[0m
[active_model_serializers] Rendered ActiveModel::Serializer::Null with Hash (17.36ms)
Completed 200 OK in 28ms (Views: 18.1ms | ActiveRecord: 2.7ms)


Started GET "/api/v1/users" for ::1 at 2017-01-02 11:44:42 -0500
Processing by Api::V1::UsersController#index as HTML
[active_model_serializers]   [1m[36mUser Load (1.2ms)[0m  [1m[34mSELECT "users".* FROM "users"[0m
[active_model_serializers] Rendered ActiveModel::Serializer::Null with Hash (24.65ms)
Completed 200 OK in 34ms (Views: 26.6ms | ActiveRecord: 1.2ms)


Started GET "/api/v1/users" for ::1 at 2017-01-02 11:45:12 -0500
Processing by Api::V1::UsersController#index as HTML
[active_model_serializers]   [1m[36mUser Load (0.6ms)[0m  [1m[34mSELECT "users".* FROM "users"[0m
[active_model_serializers] Rendered ActiveModel::Serializer::Null with Hash (15.37ms)
Completed 200 OK in 98ms (Views: 17.3ms | ActiveRecord: 2.3ms)


Started GET "/api/v1/users" for ::1 at 2017-01-02 11:45:31 -0500
Processing by Api::V1::UsersController#index as HTML
  [1m[36mUser Load (0.5ms)[0m  [1m[34mSELECT "users".* FROM "users"[0m
[active_model_serializers] Rendered ActiveModel::Serializer::CollectionSerializer with ActiveModelSerializers::Adapter::JsonApi (1.43ms)
Completed 200 OK in 18ms (Views: 13.4ms | ActiveRecord: 1.0ms)


Started GET "/api/v1/users/1" for ::1 at 2017-01-02 11:46:00 -0500
Processing by Api::V1::UsersController#show as HTML
  Parameters: {"id"=>"1"}
  [1m[36mUser Load (0.6ms)[0m  [1m[34mSELECT  "users".* FROM "users" WHERE "users"."id" = ? LIMIT ?[0m  [["id", 1], ["LIMIT", 1]]
[active_model_serializers] Rendered UserSerializer with ActiveModelSerializers::Adapter::JsonApi (0.81ms)
Completed 200 OK in 45ms (Views: 3.1ms | ActiveRecord: 1.3ms)


Started GET "/api/v1/users/1" for ::1 at 2017-01-02 11:46:23 -0500
Processing by Api::V1::UsersController#show as HTML
  Parameters: {"id"=>"1"}
  [1m[36mUser Load (0.3ms)[0m  [1m[34mSELECT  "users".* FROM "users" WHERE "users"."id" = ? LIMIT ?[0m  [["id", 1], ["LIMIT", 1]]
[active_model_serializers] Rendered UserSerializer with ActiveModelSerializers::Adapter::JsonApi (0.76ms)
Completed 200 OK in 17ms (Views: 4.1ms | ActiveRecord: 1.1ms)


Started GET "/api/v1/users/1" for ::1 at 2017-01-02 11:48:00 -0500
Processing by Api::V1::UsersController#show as HTML
  Parameters: {"id"=>"1"}
  [1m[36mUser Load (0.3ms)[0m  [1m[34mSELECT  "users".* FROM "users" WHERE "users"."id" = ? LIMIT ?[0m  [["id", 1], ["LIMIT", 1]]
[active_model_serializers] Rendered ActiveModel::Serializer::Null with Hash (1.21ms)
Completed 200 OK in 30ms (Views: 6.4ms | ActiveRecord: 1.2ms)


Started GET "/api/v1/users/2" for ::1 at 2017-01-02 11:48:14 -0500
Processing by Api::V1::UsersController#show as HTML
  Parameters: {"id"=>"2"}
  [1m[36mUser Load (0.3ms)[0m  [1m[34mSELECT  "users".* FROM "users" WHERE "users"."id" = ? LIMIT ?[0m  [["id", 2], ["LIMIT", 1]]
[active_model_serializers] Rendered ActiveModel::Serializer::Null with Hash (1.79ms)
Completed 200 OK in 8ms (Views: 6.3ms | ActiveRecord: 0.3ms)


Started POST "/api/v1/users/" for ::1 at 2017-01-02 11:50:10 -0500
Processing by Api::V1::UsersController#create as */*
  [1m[35m (0.2ms)[0m  [1m[36mbegin transaction[0m
  [1m[35mSQL (0.9ms)[0m  [1m[32mINSERT INTO "users" ("created_at", "updated_at") VALUES (?, ?)[0m  [["created_at", 2017-01-02 16:50:10 UTC], ["updated_at", 2017-01-02 16:50:10 UTC]]
  [1m[35m (0.6ms)[0m  [1m[36mcommit transaction[0m
Completed 500 Internal Server Error in 57ms (ActiveRecord: 1.7ms)


  
NoMethodError (undefined method `user_url' for #<Api::V1::UsersController:0x007fa6fe457e30>
Did you mean?  user_params):
  
app/controllers/api/v1/users_controller.rb:23:in `create'
Started GET "/api/v1/users/3" for ::1 at 2017-01-02 11:51:18 -0500
Processing by Api::V1::UsersController#show as HTML
  Parameters: {"id"=>"3"}
  [1m[36mUser Load (0.4ms)[0m  [1m[34mSELECT  "users".* FROM "users" WHERE "users"."id" = ? LIMIT ?[0m  [["id", 3], ["LIMIT", 1]]
[active_model_serializers] Rendered ActiveModel::Serializer::Null with Hash (0.5ms)
Completed 200 OK in 3ms (Views: 1.2ms | ActiveRecord: 0.4ms)


Started GET "/api/v1/users/3" for ::1 at 2017-01-02 11:52:36 -0500
Processing by Api::V1::UsersController#show as HTML
  Parameters: {"id"=>"3"}
  [1m[36mUser Load (0.8ms)[0m  [1m[34mSELECT  "users".* FROM "users" WHERE "users"."id" = ? LIMIT ?[0m  [["id", 3], ["LIMIT", 1]]
[active_model_serializers] Rendered ActiveModel::Serializer::Null with Hash (5.78ms)
Completed 200 OK in 20ms (Views: 8.6ms | ActiveRecord: 0.8ms)


